TN:
SF:controllers\report.controller.js
FNF:0
FNH:0
LF:0
LH:0
BRF:0
BRH:0
end_of_record
TN:
SF:controllers\reportController.js
FNF:0
FNH:0
LF:0
LH:0
BRF:0
BRH:0
end_of_record
TN:
SF:controllers\admin\admin.controller.js
FN:15,(anonymous_0)
FN:31,(anonymous_1)
FN:72,(anonymous_2)
FN:121,(anonymous_3)
FN:160,(anonymous_4)
FNF:5
FNH:0
FNDA:0,(anonymous_0)
FNDA:0,(anonymous_1)
FNDA:0,(anonymous_2)
FNDA:0,(anonymous_3)
FNDA:0,(anonymous_4)
DA:15,0
DA:16,0
DA:17,0
DA:19,0
DA:31,0
DA:32,0
DA:33,0
DA:34,0
DA:37,0
DA:38,0
DA:45,0
DA:47,0
DA:49,0
DA:56,0
DA:57,0
DA:59,0
DA:72,0
DA:73,0
DA:81,0
DA:83,0
DA:85,0
DA:94,0
DA:100,0
DA:102,0
DA:108,0
DA:121,0
DA:122,0
DA:123,0
DA:124,0
DA:126,0
DA:133,0
DA:139,0
DA:141,0
DA:147,0
DA:160,0
DA:161,0
DA:162,0
DA:163,0
DA:165,0
DA:166,0
DA:167,0
DA:170,0
DA:176,0
DA:178,0
DA:184,0
LF:45
LH:0
BRDA:16,0,0,0
BRDA:16,0,1,0
BRDA:17,1,0,0
BRDA:17,1,1,0
BRDA:34,2,0,0
BRDA:37,3,0,0
BRDA:37,3,1,0
BRDA:56,4,0,0
BRDA:56,4,1,0
BRDA:57,5,0,0
BRDA:57,5,1,0
BRDA:62,6,0,0
BRDA:62,6,1,0
BRDA:86,7,0,0
BRDA:86,7,1,0
BRDA:87,8,0,0
BRDA:87,8,1,0
BRDA:88,9,0,0
BRDA:88,9,1,0
BRDA:89,10,0,0
BRDA:89,10,1,0
BRDA:90,11,0,0
BRDA:90,11,1,0
BRDA:91,12,0,0
BRDA:91,12,1,0
BRDA:108,13,0,0
BRDA:108,13,1,0
BRDA:110,14,0,0
BRDA:110,14,1,0
BRDA:111,15,0,0
BRDA:111,15,1,0
BRDA:127,16,0,0
BRDA:127,16,1,0
BRDA:128,17,0,0
BRDA:128,17,1,0
BRDA:129,18,0,0
BRDA:129,18,1,0
BRDA:130,19,0,0
BRDA:130,19,1,0
BRDA:147,20,0,0
BRDA:147,20,1,0
BRDA:149,21,0,0
BRDA:149,21,1,0
BRDA:150,22,0,0
BRDA:150,22,1,0
BRDA:166,23,0,0
BRDA:166,23,1,0
BRDA:184,24,0,0
BRDA:184,24,1,0
BRDA:186,25,0,0
BRDA:186,25,1,0
BRDA:187,26,0,0
BRDA:187,26,1,0
BRF:53
BRH:0
end_of_record
TN:
SF:controllers\admin\dashboard.controller.js
FN:9,(anonymous_0)
FN:37,(anonymous_1)
FN:65,(anonymous_2)
FNF:3
FNH:0
FNDA:0,(anonymous_0)
FNDA:0,(anonymous_1)
FNDA:0,(anonymous_2)
DA:9,4
DA:10,0
DA:11,0
DA:13,0
DA:15,0
DA:21,0
DA:22,0
DA:24,0
DA:37,4
DA:38,0
DA:39,0
DA:41,0
DA:43,0
DA:49,0
DA:50,0
DA:52,0
DA:65,4
DA:66,0
DA:67,0
DA:69,0
DA:77,0
DA:83,0
DA:85,0
DA:91,0
DA:92,0
DA:94,0
LF:26
LH:3
BRDA:21,0,0,0
BRDA:21,0,1,0
BRDA:22,1,0,0
BRDA:22,1,1,0
BRDA:27,2,0,0
BRDA:27,2,1,0
BRDA:49,3,0,0
BRDA:49,3,1,0
BRDA:50,4,0,0
BRDA:50,4,1,0
BRDA:55,5,0,0
BRDA:55,5,1,0
BRDA:67,6,0,0
BRDA:67,7,0,0
BRDA:70,8,0,0
BRDA:70,8,1,0
BRDA:71,9,0,0
BRDA:71,9,1,0
BRDA:72,10,0,0
BRDA:72,10,1,0
BRDA:73,11,0,0
BRDA:73,11,1,0
BRDA:74,12,0,0
BRDA:74,12,1,0
BRDA:91,13,0,0
BRDA:91,13,1,0
BRDA:92,14,0,0
BRDA:92,14,1,0
BRDA:97,15,0,0
BRDA:97,15,1,0
BRF:30
BRH:0
end_of_record
TN:
SF:controllers\admin\index.js
FNF:0
FNH:0
LF:0
LH:0
BRF:0
BRH:0
end_of_record
TN:
SF:controllers\admin\bookings\listBookings.js
FN:10,(anonymous_0)
FNF:1
FNH:0
FNDA:0,(anonymous_0)
DA:10,4
DA:11,0
DA:18,0
DA:20,0
DA:22,0
DA:30,0
DA:36,0
DA:38,0
DA:44,0
DA:45,0
DA:47,0
LF:11
LH:1
BRDA:23,0,0,0
BRDA:23,0,1,0
BRDA:24,1,0,0
BRDA:24,1,1,0
BRDA:25,2,0,0
BRDA:25,2,1,0
BRDA:26,3,0,0
BRDA:26,3,1,0
BRDA:27,4,0,0
BRDA:27,4,1,0
BRDA:44,5,0,0
BRDA:44,5,1,0
BRDA:45,6,0,0
BRDA:45,6,1,0
BRDA:50,7,0,0
BRDA:50,7,1,0
BRF:16
BRH:0
end_of_record
TN:
SF:controllers\admin\spaces\approveSpace.js
FN:9,(anonymous_0)
FNF:1
FNH:0
FNDA:0,(anonymous_0)
DA:9,4
DA:10,0
DA:11,0
DA:12,0
DA:15,0
DA:16,0
DA:23,0
DA:25,0
DA:27,0
DA:34,0
DA:35,0
DA:37,0
LF:12
LH:1
BRDA:12,0,0,0
BRDA:15,1,0,0
BRDA:15,1,1,0
BRDA:34,2,0,0
BRDA:34,2,1,0
BRDA:35,3,0,0
BRDA:35,3,1,0
BRDA:40,4,0,0
BRDA:40,4,1,0
BRF:9
BRH:0
end_of_record
TN:
SF:controllers\admin\spaces\listSpaces.js
FN:10,(anonymous_0)
FNF:1
FNH:0
FNDA:0,(anonymous_0)
DA:10,4
DA:11,0
DA:19,0
DA:21,0
DA:23,0
DA:32,0
DA:38,0
DA:40,0
DA:46,0
DA:47,0
DA:49,0
LF:11
LH:1
BRDA:24,0,0,0
BRDA:24,0,1,0
BRDA:25,1,0,0
BRDA:25,1,1,0
BRDA:26,2,0,0
BRDA:26,2,1,0
BRDA:27,3,0,0
BRDA:27,3,1,0
BRDA:28,4,0,0
BRDA:28,4,1,0
BRDA:29,5,0,0
BRDA:29,5,1,0
BRDA:46,6,0,0
BRDA:46,6,1,0
BRDA:47,7,0,0
BRDA:47,7,1,0
BRDA:52,8,0,0
BRDA:52,8,1,0
BRF:18
BRH:0
end_of_record
TN:
SF:controllers\admin\spaces\rejectSpace.js
FN:9,(anonymous_0)
FNF:1
FNH:0
FNDA:0,(anonymous_0)
DA:9,4
DA:10,0
DA:11,0
DA:12,0
DA:15,0
DA:16,0
DA:23,0
DA:25,0
DA:27,0
DA:34,0
DA:35,0
DA:37,0
LF:12
LH:1
BRDA:12,0,0,0
BRDA:15,1,0,0
BRDA:15,1,1,0
BRDA:34,2,0,0
BRDA:34,2,1,0
BRDA:35,3,0,0
BRDA:35,3,1,0
BRDA:40,4,0,0
BRDA:40,4,1,0
BRF:9
BRH:0
end_of_record
TN:
SF:controllers\admin\users\listUsers.js
FN:10,(anonymous_0)
FNF:1
FNH:0
FNDA:0,(anonymous_0)
DA:10,4
DA:11,0
DA:12,0
DA:13,0
DA:15,0
DA:22,0
DA:28,0
DA:30,0
DA:36,0
DA:37,0
DA:39,0
LF:11
LH:1
BRDA:16,0,0,0
BRDA:16,0,1,0
BRDA:17,1,0,0
BRDA:17,1,1,0
BRDA:18,2,0,0
BRDA:18,2,1,0
BRDA:19,3,0,0
BRDA:19,3,1,0
BRDA:36,4,0,0
BRDA:36,4,1,0
BRDA:37,5,0,0
BRDA:37,5,1,0
BRDA:42,6,0,0
BRDA:42,6,1,0
BRF:14
BRH:0
end_of_record
TN:
SF:controllers\admin\users\reactivateUser.js
FN:9,(anonymous_0)
FNF:1
FNH:0
FNDA:0,(anonymous_0)
DA:9,4
DA:10,0
DA:11,0
DA:12,0
DA:15,0
DA:16,0
DA:23,0
DA:25,0
DA:27,0
DA:34,0
DA:35,0
DA:37,0
LF:12
LH:1
BRDA:12,0,0,0
BRDA:15,1,0,0
BRDA:15,1,1,0
BRDA:34,2,0,0
BRDA:34,2,1,0
BRDA:35,3,0,0
BRDA:35,3,1,0
BRDA:40,4,0,0
BRDA:40,4,1,0
BRF:9
BRH:0
end_of_record
TN:
SF:controllers\admin\users\suspendUser.js
FN:9,(anonymous_0)
FNF:1
FNH:0
FNDA:0,(anonymous_0)
DA:9,4
DA:10,0
DA:11,0
DA:12,0
DA:15,0
DA:16,0
DA:23,0
DA:25,0
DA:27,0
DA:34,0
DA:35,0
DA:37,0
LF:12
LH:1
BRDA:12,0,0,0
BRDA:15,1,0,0
BRDA:15,1,1,0
BRDA:34,2,0,0
BRDA:34,2,1,0
BRDA:35,3,0,0
BRDA:35,3,1,0
BRDA:40,4,0,0
BRDA:40,4,1,0
BRF:9
BRH:0
end_of_record
TN:
SF:controllers\admin\utils\pagination.js
FN:6,(anonymous_0)
FN:22,(anonymous_1)
FNF:2
FNH:0
FNDA:0,(anonymous_0)
FNDA:0,(anonymous_1)
DA:6,4
DA:7,0
DA:8,0
DA:10,0
DA:22,4
DA:29,0
LF:6
LH:2
BRDA:7,0,0,0
BRDA:7,0,1,0
BRDA:8,1,0,0
BRDA:8,1,1,0
BRF:4
BRH:0
end_of_record
TN:
SF:controllers\admin\withdrawal\approveWithdrawal.controller.js
FN:6,(anonymous_0)
FNF:1
FNH:0
FNDA:0,(anonymous_0)
DA:6,4
DA:7,0
DA:8,0
DA:10,0
DA:11,0
DA:13,0
DA:14,0
DA:17,0
DA:18,0
DA:19,0
DA:20,0
DA:21,0
DA:22,0
DA:24,0
DA:31,0
LF:15
LH:1
BRDA:11,0,0,0
BRDA:11,0,1,0
BRDA:13,1,0,0
BRDA:13,1,1,0
BRF:4
BRH:0
end_of_record
TN:
SF:controllers\admin\withdrawal\index.js
FNF:0
FNH:0
LF:0
LH:0
BRF:0
BRH:0
end_of_record
TN:
SF:controllers\admin\withdrawal\listWithdrawals.controller.js
FN:4,(anonymous_0)
FNF:1
FNH:0
FNDA:0,(anonymous_0)
DA:4,4
DA:5,0
DA:7,0
DA:8,0
DA:10,0
DA:17,0
LF:6
LH:1
BRDA:5,0,0,0
BRDA:5,1,0,0
BRDA:8,2,0,0
BRDA:8,2,1,0
BRF:4
BRH:0
end_of_record
TN:
SF:controllers\admin\withdrawal\rejectWithdrawal.controller.js
FN:7,(anonymous_0)
FNF:1
FNH:0
FNDA:0,(anonymous_0)
DA:7,4
DA:8,0
DA:9,0
DA:11,0
DA:12,0
DA:15,0
DA:16,0
DA:18,0
DA:19,0
DA:23,0
DA:30,0
DA:31,0
DA:32,0
DA:33,0
DA:34,0
DA:36,0
DA:44,0
LF:17
LH:1
BRDA:11,0,0,0
BRDA:11,0,1,0
BRDA:16,1,0,0
BRDA:16,1,1,0
BRDA:18,2,0,0
BRDA:18,2,1,0
BRF:6
BRH:0
end_of_record
TN:
SF:controllers\auth\auth.utils.js
FN:25,(anonymous_0)
FN:46,(anonymous_1)
FN:54,(anonymous_2)
FN:73,(anonymous_3)
FN:98,(anonymous_4)
FN:116,(anonymous_5)
FN:127,(anonymous_6)
FN:143,(anonymous_7)
FN:144,(anonymous_8)
FNF:9
FNH:0
FNDA:0,(anonymous_0)
FNDA:0,(anonymous_1)
FNDA:0,(anonymous_2)
FNDA:0,(anonymous_3)
FNDA:0,(anonymous_4)
FNDA:0,(anonymous_5)
FNDA:0,(anonymous_6)
FNDA:0,(anonymous_7)
FNDA:0,(anonymous_8)
DA:9,4
DA:25,4
DA:26,0
DA:28,0
DA:46,4
DA:54,4
DA:55,0
DA:56,0
DA:57,0
DA:59,0
DA:65,0
DA:66,0
DA:73,4
DA:74,0
DA:77,0
DA:86,0
DA:98,4
DA:99,0
DA:101,0
DA:108,0
DA:116,4
DA:117,0
DA:118,0
DA:123,0
DA:127,4
DA:128,0
DA:129,0
DA:132,0
DA:134,0
DA:143,0
DA:144,0
DA:145,0
DA:146,0
DA:147,0
DA:148,0
DA:151,0
DA:152,0
DA:155,0
LF:38
LH:8
BRDA:11,0,0,4
BRDA:11,0,1,0
BRDA:15,1,0,4
BRDA:15,1,1,0
BRDA:25,2,0,0
BRDA:26,3,0,0
BRDA:26,3,1,0
BRDA:56,4,0,0
BRDA:56,4,1,0
BRDA:80,5,0,0
BRDA:80,5,1,0
BRDA:89,6,0,0
BRDA:89,6,1,0
BRDA:104,7,0,0
BRDA:104,7,1,0
BRDA:111,8,0,0
BRDA:111,8,1,0
BRDA:117,9,0,0
BRDA:117,9,1,0
BRDA:117,10,0,0
BRDA:117,10,1,0
BRDA:117,10,2,0
BRDA:127,11,0,0
BRDA:128,12,0,0
BRDA:128,12,1,0
BRDA:145,13,0,0
BRDA:145,13,1,0
BRF:27
BRH:2
end_of_record
TN:
SF:controllers\auth\index.js
FNF:0
FNH:0
LF:0
LH:0
BRF:0
BRH:0
end_of_record
TN:
SF:controllers\auth\oauth.controller.js
FN:13,(anonymous_0)
FN:72,(anonymous_1)
FN:106,(anonymous_2)
FNF:3
FNH:0
FNDA:0,(anonymous_0)
FNDA:0,(anonymous_1)
FNDA:0,(anonymous_2)
DA:13,4
DA:14,0
DA:15,0
DA:18,0
DA:19,0
DA:24,0
DA:25,0
DA:27,0
DA:31,0
DA:35,0
DA:36,0
DA:39,0
DA:45,0
DA:48,0
DA:49,0
DA:56,0
DA:58,0
DA:63,0
DA:72,4
DA:73,0
DA:74,0
DA:77,0
DA:78,0
DA:82,0
DA:84,0
DA:93,0
DA:97,0
DA:106,4
DA:107,0
DA:108,0
DA:111,0
DA:112,0
DA:113,0
DA:114,0
DA:120,0
DA:121,0
DA:125,0
DA:128,0
DA:129,0
DA:131,0
DA:135,0
DA:139,0
DA:140,0
DA:143,0
DA:149,0
DA:152,0
DA:153,0
DA:161,0
DA:162,0
DA:163,0
DA:165,0
DA:167,0
DA:174,0
DA:177,0
DA:184,0
DA:185,0
LF:56
LH:3
BRDA:18,0,0,0
BRDA:18,0,1,0
BRDA:35,1,0,0
BRDA:35,1,1,0
BRDA:35,2,0,0
BRDA:35,2,1,0
BRDA:40,3,0,0
BRDA:40,3,1,0
BRDA:41,4,0,0
BRDA:41,4,1,0
BRDA:48,5,0,0
BRDA:48,5,1,0
BRDA:77,6,0,0
BRDA:77,6,1,0
BRDA:77,7,0,0
BRDA:77,7,1,0
BRDA:111,8,0,0
BRDA:111,8,1,0
BRDA:113,9,0,0
BRDA:113,9,1,0
BRDA:120,10,0,0
BRDA:120,10,1,0
BRDA:139,11,0,0
BRDA:139,11,1,0
BRDA:139,12,0,0
BRDA:139,12,1,0
BRDA:144,13,0,0
BRDA:144,13,1,0
BRDA:145,14,0,0
BRDA:145,14,1,0
BRDA:152,15,0,0
BRDA:152,15,1,0
BRDA:161,16,0,0
BRDA:161,16,1,0
BRDA:165,17,0,0
BRDA:165,17,1,0
BRDA:165,18,0,0
BRDA:165,18,1,0
BRDA:180,19,0,0
BRDA:180,19,1,0
BRDA:184,20,0,0
BRDA:184,20,1,0
BRF:42
BRH:0
end_of_record
TN:
SF:controllers\auth\password.controller.js
FN:11,(anonymous_0)
FN:40,(anonymous_1)
FN:69,(anonymous_2)
FNF:3
FNH:0
FNDA:0,(anonymous_0)
FNDA:0,(anonymous_1)
FNDA:0,(anonymous_2)
DA:11,4
DA:12,0
DA:13,0
DA:16,0
DA:17,0
DA:21,0
DA:23,0
DA:25,0
DA:31,0
DA:40,4
DA:41,0
DA:42,0
DA:45,0
DA:46,0
DA:50,0
DA:52,0
DA:54,0
DA:60,0
DA:69,4
DA:70,0
DA:71,0
DA:74,0
DA:75,0
DA:79,0
DA:80,0
DA:84,0
DA:86,0
DA:88,0
DA:93,0
LF:29
LH:3
BRDA:16,0,0,0
BRDA:16,0,1,0
BRDA:45,1,0,0
BRDA:45,1,1,0
BRDA:45,2,0,0
BRDA:45,2,1,0
BRDA:74,3,0,0
BRDA:74,3,1,0
BRDA:74,4,0,0
BRDA:74,4,1,0
BRDA:79,5,0,0
BRDA:79,5,1,0
BRF:12
BRH:0
end_of_record
TN:
SF:controllers\auth\profile.controller.js
FN:11,(anonymous_0)
FN:32,(anonymous_1)
FN:54,(anonymous_2)
FN:85,(anonymous_3)
FN:121,(anonymous_4)
FNF:5
FNH:0
FNDA:0,(anonymous_0)
FNDA:0,(anonymous_1)
FNDA:0,(anonymous_2)
FNDA:0,(anonymous_3)
FNDA:0,(anonymous_4)
DA:11,4
DA:12,0
DA:14,0
DA:16,0
DA:18,0
DA:23,0
DA:32,4
DA:33,0
DA:35,0
DA:37,0
DA:39,0
DA:45,0
DA:54,4
DA:55,0
DA:56,0
DA:59,0
DA:60,0
DA:64,0
DA:69,0
DA:71,0
DA:76,0
DA:85,4
DA:86,0
DA:87,0
DA:90,0
DA:91,0
DA:95,0
DA:102,0
DA:107,0
DA:112,0
DA:121,4
DA:122,0
DA:123,0
DA:126,0
DA:127,0
DA:138,0
DA:141,0
DA:146,0
DA:151,0
LF:39
LH:5
BRDA:43,0,0,0
BRDA:43,0,1,0
BRDA:59,1,0,0
BRDA:59,1,1,0
BRDA:59,2,0,0
BRDA:59,2,1,0
BRDA:90,3,0,0
BRDA:90,3,1,0
BRDA:126,4,0,0
BRDA:126,4,1,0
BRF:10
BRH:0
end_of_record
TN:
SF:controllers\auth\registration.controller.js
FN:11,(anonymous_0)
FNF:1
FNH:0
FNDA:0,(anonymous_0)
DA:11,4
DA:12,0
DA:13,0
DA:16,0
DA:17,0
DA:20,0
DA:26,0
DA:32,0
DA:34,0
DA:40,0
LF:10
LH:1
BRDA:16,0,0,0
BRDA:16,0,1,0
BRDA:16,1,0,0
BRDA:16,1,1,0
BRDA:16,1,2,0
BRDA:21,2,0,0
BRDA:21,2,1,0
BRDA:22,3,0,0
BRDA:22,3,1,0
BRF:9
BRH:0
end_of_record
TN:
SF:controllers\auth\session.controller.js
FN:12,(anonymous_0)
FN:52,(anonymous_1)
FN:79,(anonymous_2)
FN:115,(anonymous_3)
FNF:4
FNH:0
FNDA:0,(anonymous_0)
FNDA:0,(anonymous_1)
FNDA:0,(anonymous_2)
FNDA:0,(anonymous_3)
DA:12,4
DA:13,0
DA:14,0
DA:17,0
DA:18,0
DA:21,0
DA:27,0
DA:30,0
DA:31,0
DA:35,0
DA:37,0
DA:43,0
DA:52,4
DA:53,0
DA:54,0
DA:57,0
DA:60,0
DA:63,0
DA:65,0
DA:70,0
DA:79,4
DA:80,0
DA:81,0
DA:84,0
DA:85,0
DA:89,0
DA:92,0
DA:93,0
DA:97,0
DA:100,0
DA:102,0
DA:106,0
DA:115,4
DA:116,0
DA:118,0
DA:120,0
DA:122,0
DA:127,0
LF:38
LH:4
BRDA:17,0,0,0
BRDA:17,0,1,0
BRDA:17,1,0,0
BRDA:17,1,1,0
BRDA:22,2,0,0
BRDA:22,2,1,0
BRDA:23,3,0,0
BRDA:23,3,1,0
BRDA:30,4,0,0
BRDA:30,4,1,0
BRDA:84,5,0,0
BRDA:84,5,1,0
BRDA:92,6,0,0
BRDA:92,6,1,0
BRF:14
BRH:0
end_of_record
TN:
SF:controllers\auth\verification.controller.js
FN:11,(anonymous_0)
FN:32,(anonymous_1)
FN:60,(anonymous_2)
FNF:3
FNH:0
FNDA:0,(anonymous_0)
FNDA:0,(anonymous_1)
FNDA:0,(anonymous_2)
DA:11,4
DA:12,0
DA:14,0
DA:16,0
DA:18,0
DA:23,0
DA:32,4
DA:33,0
DA:34,0
DA:37,0
DA:38,0
DA:42,0
DA:44,0
DA:46,0
DA:51,0
DA:60,4
DA:61,0
DA:63,0
DA:65,0
DA:70,0
DA:75,0
LF:21
LH:3
BRDA:37,0,0,0
BRDA:37,0,1,0
BRF:2
BRH:0
end_of_record
TN:
SF:controllers\bookings\cancelBooking.controller.js
FN:15,(anonymous_0)
FN:94,(anonymous_1)
FN:153,(anonymous_2)
FN:263,(anonymous_3)
FNF:4
FNH:0
FNDA:0,(anonymous_0)
FNDA:0,(anonymous_1)
FNDA:0,(anonymous_2)
FNDA:0,(anonymous_3)
DA:15,4
DA:16,0
DA:17,0
DA:18,0
DA:19,0
DA:21,0
DA:22,0
DA:29,0
DA:30,0
DA:36,0
DA:37,0
DA:43,0
DA:50,0
DA:51,0
DA:60,0
DA:61,0
DA:64,0
DA:65,0
DA:75,0
DA:76,0
DA:82,0
DA:94,4
DA:95,0
DA:96,0
DA:98,0
DA:133,0
DA:136,0
DA:141,0
DA:153,4
DA:154,0
DA:155,0
DA:156,0
DA:158,0
DA:159,0
DA:165,0
DA:166,0
DA:168,0
DA:169,0
DA:175,0
DA:176,0
DA:177,0
DA:178,0
DA:179,0
DA:181,0
DA:183,0
DA:184,0
DA:185,0
DA:186,0
DA:187,0
DA:189,0
DA:190,0
DA:191,0
DA:194,0
DA:195,0
DA:196,0
DA:199,0
DA:200,0
DA:209,0
DA:236,0
DA:237,0
DA:245,0
DA:246,0
DA:251,0
DA:263,4
DA:264,0
DA:265,0
DA:266,0
DA:267,0
DA:269,0
DA:270,0
DA:277,0
DA:278,0
DA:283,0
DA:284,0
DA:290,0
DA:291,0
DA:296,0
DA:297,0
DA:303,0
DA:304,0
DA:306,0
DA:307,0
DA:313,0
DA:314,0
DA:315,0
DA:328,0
DA:334,0
DA:335,0
DA:343,0
DA:370,0
DA:373,0
DA:374,0
DA:383,0
DA:384,0
DA:389,0
LF:95
LH:4
BRDA:29,0,0,0
BRDA:29,0,1,0
BRDA:36,1,0,0
BRDA:36,1,1,0
BRDA:75,2,0,0
BRDA:75,2,1,0
BRDA:168,3,0,0
BRDA:168,3,1,0
BRDA:181,4,0,0
BRDA:181,4,1,0
BRDA:187,5,0,0
BRDA:187,5,1,0
BRDA:228,6,0,0
BRDA:228,6,1,0
BRDA:229,7,0,0
BRDA:229,7,1,0
BRDA:230,8,0,0
BRDA:230,8,1,0
BRDA:230,9,0,0
BRDA:230,9,1,0
BRDA:245,10,0,0
BRDA:245,10,1,0
BRDA:277,11,0,0
BRDA:277,11,1,0
BRDA:283,12,0,0
BRDA:283,12,1,0
BRDA:290,13,0,0
BRDA:290,13,1,0
BRDA:296,14,0,0
BRDA:296,14,1,0
BRDA:306,15,0,0
BRDA:306,15,1,0
BRDA:314,16,0,0
BRDA:314,16,1,0
BRDA:383,17,0,0
BRDA:383,17,1,0
BRF:36
BRH:0
end_of_record
TN:
SF:controllers\bookings\createBooking.controller.js
FN:19,(anonymous_0)
FN:100,(anonymous_1)
FN:223,(anonymous_2)
FN:276,(anonymous_3)
FNF:4
FNH:0
FNDA:0,(anonymous_0)
FNDA:0,(anonymous_1)
FNDA:0,(anonymous_2)
FNDA:0,(anonymous_3)
DA:19,4
DA:20,0
DA:21,0
DA:23,0
DA:24,0
DA:30,0
DA:32,0
DA:33,0
DA:37,0
DA:43,0
DA:49,0
DA:52,0
DA:53,0
DA:62,0
DA:63,0
DA:66,0
DA:67,0
DA:75,0
DA:77,0
DA:82,0
DA:83,0
DA:89,0
DA:100,4
DA:101,0
DA:102,0
DA:110,0
DA:112,0
DA:113,0
DA:121,0
DA:124,0
DA:125,0
DA:129,0
DA:130,0
DA:132,0
DA:133,0
DA:136,0
DA:137,0
DA:141,0
DA:142,0
DA:143,0
DA:147,0
DA:148,0
DA:152,0
DA:153,0
DA:156,0
DA:157,0
DA:163,0
DA:173,0
DA:176,0
DA:177,0
DA:185,0
DA:186,0
DA:189,0
DA:190,0
DA:199,0
DA:200,0
DA:205,0
DA:206,0
DA:211,0
DA:223,4
DA:224,0
DA:225,0
DA:227,0
DA:228,0
DA:235,0
DA:236,0
DA:242,0
DA:243,0
DA:245,0
DA:246,0
DA:251,0
DA:252,0
DA:258,0
DA:261,0
DA:263,0
DA:264,0
DA:271,0
DA:276,0
DA:286,0
DA:287,0
DA:294,0
LF:81
LH:3
BRDA:32,0,0,0
BRDA:32,0,1,0
BRDA:75,1,0,0
BRDA:75,1,1,0
BRDA:78,2,0,0
BRDA:78,2,1,0
BRDA:82,3,0,0
BRDA:82,3,1,0
BRDA:124,4,0,0
BRDA:124,4,1,0
BRDA:132,5,0,0
BRDA:132,5,1,0
BRDA:132,6,0,0
BRDA:132,6,1,0
BRDA:136,7,0,0
BRDA:136,7,1,0
BRDA:142,8,0,0
BRDA:142,8,1,0
BRDA:147,9,0,0
BRDA:147,9,1,0
BRDA:147,10,0,0
BRDA:147,10,1,0
BRDA:147,10,2,0
BRDA:152,11,0,0
BRDA:152,11,1,0
BRDA:152,12,0,0
BRDA:152,12,1,0
BRDA:156,13,0,0
BRDA:156,13,1,0
BRDA:167,14,0,0
BRDA:167,14,1,0
BRDA:168,15,0,0
BRDA:168,15,1,0
BRDA:199,16,0,0
BRDA:199,16,1,0
BRDA:201,17,0,0
BRDA:201,17,1,0
BRDA:205,18,0,0
BRDA:205,18,1,0
BRDA:235,19,0,0
BRDA:235,19,1,0
BRDA:235,20,0,0
BRDA:235,20,1,0
BRDA:235,20,2,0
BRDA:245,21,0,0
BRDA:245,21,1,0
BRDA:245,22,0,0
BRDA:245,22,1,0
BRDA:251,23,0,0
BRDA:251,23,1,0
BRDA:273,24,0,0
BRDA:273,24,1,0
BRDA:276,25,0,0
BRDA:276,25,1,0
BRF:54
BRH:0
end_of_record
TN:
SF:controllers\bookings\getBookingById.controller.js
FN:10,(anonymous_0)
FNF:1
FNH:0
FNDA:0,(anonymous_0)
DA:10,4
DA:11,0
DA:12,0
DA:13,0
DA:15,0
DA:17,0
DA:18,0
DA:21,0
LF:8
LH:1
BRDA:17,0,0,0
BRDA:17,0,1,0
BRF:2
BRH:0
end_of_record
TN:
SF:controllers\bookings\getHostBookings.controller.js
FN:11,(anonymous_0)
FN:105,(anonymous_1)
FN:153,(anonymous_2)
FN:154,(anonymous_3)
FN:211,(anonymous_4)
FNF:5
FNH:0
FNDA:0,(anonymous_0)
FNDA:0,(anonymous_1)
FNDA:0,(anonymous_2)
FNDA:0,(anonymous_3)
FNDA:0,(anonymous_4)
DA:11,4
DA:12,0
DA:13,0
DA:16,0
DA:17,0
DA:22,0
DA:24,0
DA:25,0
DA:31,0
DA:32,0
DA:34,0
DA:35,0
DA:40,0
DA:41,0
DA:46,0
DA:47,0
DA:55,0
DA:64,0
DA:65,0
DA:74,0
DA:75,0
DA:78,0
DA:79,0
DA:87,0
DA:88,0
DA:94,0
DA:105,4
DA:106,0
DA:107,0
DA:110,0
DA:111,0
DA:116,0
DA:117,0
DA:121,0
DA:124,0
DA:125,0
DA:126,0
DA:134,0
DA:135,0
DA:136,0
DA:137,0
DA:138,0
DA:139,0
DA:143,0
DA:144,0
DA:145,0
DA:149,0
DA:150,0
DA:153,0
DA:154,0
DA:156,0
DA:172,0
DA:173,0
DA:181,0
DA:184,0
DA:185,0
DA:193,0
DA:194,0
DA:199,0
DA:211,4
DA:212,0
DA:213,0
DA:214,0
DA:217,0
DA:218,0
DA:223,0
DA:225,0
DA:226,0
DA:233,0
DA:234,0
DA:236,0
DA:237,0
DA:242,0
DA:243,0
DA:249,0
DA:258,0
DA:259,0
DA:268,0
DA:269,0
DA:272,0
DA:273,0
DA:282,0
DA:283,0
DA:288,0
LF:84
LH:3
BRDA:16,0,0,0
BRDA:16,0,1,0
BRDA:22,1,0,0
BRDA:22,2,0,0
BRDA:34,3,0,0
BRDA:34,3,1,0
BRDA:40,4,0,0
BRDA:40,4,1,0
BRDA:40,5,0,0
BRDA:40,5,1,0
BRDA:46,6,0,0
BRDA:46,6,1,0
BRDA:46,7,0,0
BRDA:46,7,1,0
BRDA:87,8,0,0
BRDA:87,8,1,0
BRDA:110,9,0,0
BRDA:110,9,1,0
BRDA:121,10,0,0
BRDA:125,11,0,0
BRDA:125,11,1,0
BRDA:135,12,0,0
BRDA:135,12,1,0
BRDA:136,13,0,0
BRDA:136,13,1,0
BRDA:144,14,0,0
BRDA:144,14,1,0
BRDA:164,15,0,0
BRDA:164,15,1,0
BRDA:193,16,0,0
BRDA:193,16,1,0
BRDA:217,17,0,0
BRDA:217,17,1,0
BRDA:223,18,0,0
BRDA:223,19,0,0
BRDA:236,20,0,0
BRDA:236,20,1,0
BRDA:242,21,0,0
BRDA:242,21,1,0
BRDA:242,22,0,0
BRDA:242,22,1,0
BRDA:282,23,0,0
BRDA:282,23,1,0
BRF:43
BRH:0
end_of_record
TN:
SF:controllers\bookings\getUserBookings.controller.js
FN:11,(anonymous_0)
FN:95,(anonymous_1)
FNF:2
FNH:0
FNDA:0,(anonymous_0)
FNDA:0,(anonymous_1)
DA:11,4
DA:12,0
DA:13,0
DA:14,0
DA:16,0
DA:17,0
DA:23,0
DA:24,0
DA:26,0
DA:27,0
DA:32,0
DA:33,0
DA:38,0
DA:39,0
DA:47,0
DA:55,0
DA:56,0
DA:64,0
DA:65,0
DA:68,0
DA:69,0
DA:77,0
DA:78,0
DA:84,0
DA:95,4
DA:96,0
DA:97,0
DA:107,0
DA:109,0
DA:110,0
DA:116,0
DA:117,0
DA:119,0
DA:120,0
DA:125,0
DA:126,0
DA:132,0
DA:133,0
DA:134,0
DA:135,0
DA:136,0
DA:140,0
DA:143,0
DA:144,0
DA:145,0
DA:146,0
DA:150,0
DA:154,0
DA:155,0
DA:156,0
DA:157,0
DA:158,0
DA:162,0
DA:165,0
DA:166,0
DA:167,0
DA:168,0
DA:172,0
DA:176,0
DA:184,0
DA:192,0
DA:193,0
DA:202,0
DA:203,0
DA:206,0
DA:207,0
DA:215,0
DA:216,0
DA:221,0
LF:69
LH:2
BRDA:14,0,0,0
BRDA:14,1,0,0
BRDA:26,2,0,0
BRDA:26,2,1,0
BRDA:32,3,0,0
BRDA:32,3,1,0
BRDA:32,4,0,0
BRDA:32,4,1,0
BRDA:38,5,0,0
BRDA:38,5,1,0
BRDA:38,6,0,0
BRDA:38,6,1,0
BRDA:77,7,0,0
BRDA:77,7,1,0
BRDA:99,8,0,0
BRDA:100,9,0,0
BRDA:119,10,0,0
BRDA:119,10,1,0
BRDA:125,11,0,0
BRDA:125,11,1,0
BRDA:125,12,0,0
BRDA:125,12,1,0
BRDA:133,13,0,0
BRDA:133,13,1,0
BRDA:135,14,0,0
BRDA:135,14,1,0
BRDA:143,15,0,0
BRDA:143,15,1,0
BRDA:145,16,0,0
BRDA:145,16,1,0
BRDA:155,17,0,0
BRDA:155,17,1,0
BRDA:157,18,0,0
BRDA:157,18,1,0
BRDA:157,19,0,0
BRDA:157,19,1,0
BRDA:165,20,0,0
BRDA:165,20,1,0
BRDA:167,21,0,0
BRDA:167,21,1,0
BRDA:167,22,0,0
BRDA:167,22,1,0
BRDA:178,23,0,0
BRDA:178,23,1,0
BRDA:215,24,0,0
BRDA:215,24,1,0
BRF:46
BRH:0
end_of_record
TN:
SF:controllers\bookings\index.js
FNF:0
FNH:0
DA:42,0
LF:1
LH:0
BRF:0
BRH:0
end_of_record
TN:
SF:controllers\bookings\updateBookingStatus.controller.js
FN:15,(anonymous_0)
FN:118,(anonymous_1)
FN:216,(anonymous_2)
FN:311,(anonymous_3)
FNF:4
FNH:0
FNDA:0,(anonymous_0)
FNDA:0,(anonymous_1)
FNDA:0,(anonymous_2)
FNDA:0,(anonymous_3)
DA:15,4
DA:16,0
DA:17,0
DA:18,0
DA:19,0
DA:21,0
DA:22,0
DA:29,0
DA:30,0
DA:36,0
DA:37,0
DA:43,0
DA:44,0
DA:45,0
DA:51,0
DA:52,0
DA:58,0
DA:59,0
DA:65,0
DA:74,0
DA:75,0
DA:84,0
DA:85,0
DA:88,0
DA:89,0
DA:99,0
DA:100,0
DA:106,0
DA:118,4
DA:119,0
DA:120,0
DA:121,0
DA:122,0
DA:124,0
DA:125,0
DA:131,0
DA:132,0
DA:138,0
DA:139,0
DA:145,0
DA:153,0
DA:154,0
DA:161,0
DA:186,0
DA:189,0
DA:190,0
DA:198,0
DA:199,0
DA:204,0
DA:216,4
DA:217,0
DA:218,0
DA:219,0
DA:220,0
DA:222,0
DA:223,0
DA:229,0
DA:230,0
DA:236,0
DA:237,0
DA:243,0
DA:252,0
DA:253,0
DA:260,0
DA:281,0
DA:284,0
DA:285,0
DA:293,0
DA:294,0
DA:299,0
DA:311,4
DA:312,0
DA:313,0
DA:314,0
DA:316,0
DA:317,0
DA:323,0
DA:324,0
DA:334,0
DA:335,0
DA:337,0
DA:338,0
DA:344,0
DA:354,0
DA:355,0
DA:364,0
DA:365,0
DA:372,0
DA:383,0
DA:384,0
DA:392,0
DA:393,0
DA:398,0
LF:93
LH:4
BRDA:29,0,0,0
BRDA:29,0,1,0
BRDA:36,1,0,0
BRDA:36,1,1,0
BRDA:44,2,0,0
BRDA:44,2,1,0
BRDA:51,3,0,0
BRDA:51,3,1,0
BRDA:51,4,0,0
BRDA:51,4,1,0
BRDA:58,5,0,0
BRDA:58,5,1,0
BRDA:58,6,0,0
BRDA:58,6,1,0
BRDA:99,7,0,0
BRDA:99,7,1,0
BRDA:131,8,0,0
BRDA:131,8,1,0
BRDA:138,9,0,0
BRDA:138,9,1,0
BRDA:138,10,0,0
BRDA:138,10,1,0
BRDA:169,11,0,0
BRDA:169,11,1,0
BRDA:173,12,0,0
BRDA:173,12,1,0
BRDA:198,13,0,0
BRDA:198,13,1,0
BRDA:229,14,0,0
BRDA:229,14,1,0
BRDA:236,15,0,0
BRDA:236,15,1,0
BRDA:236,16,0,0
BRDA:236,16,1,0
BRDA:268,17,0,0
BRDA:268,17,1,0
BRDA:272,18,0,0
BRDA:272,18,1,0
BRDA:293,19,0,0
BRDA:293,19,1,0
BRDA:323,20,0,0
BRDA:323,20,1,0
BRDA:337,21,0,0
BRDA:337,21,1,0
BRDA:348,22,0,0
BRDA:348,22,1,0
BRDA:354,23,0,0
BRDA:354,23,1,0
BRDA:392,24,0,0
BRDA:392,24,1,0
BRF:50
BRH:0
end_of_record
TN:
SF:controllers\payment\handleWebhook.controller.js
FN:10,(anonymous_0)
FN:100,handleSuccessfulTransaction
FNF:2
FNH:0
FNDA:0,(anonymous_0)
FNDA:0,handleSuccessfulTransaction
DA:10,4
DA:12,0
DA:13,0
DA:14,0
DA:15,0
DA:17,0
DA:18,0
DA:19,0
DA:22,0
DA:25,0
DA:27,0
DA:32,0
DA:33,0
DA:37,0
DA:43,0
DA:46,0
DA:51,0
DA:54,0
DA:59,0
DA:62,0
DA:67,0
DA:70,0
DA:76,0
DA:79,0
DA:84,0
DA:87,0
DA:88,0
DA:91,0
DA:92,0
DA:93,0
DA:95,0
DA:101,0
DA:103,0
DA:104,0
DA:105,0
DA:108,0
DA:112,0
DA:113,0
DA:116,0
DA:120,0
DA:121,0
DA:124,0
DA:128,0
DA:129,0
DA:130,0
DA:134,0
DA:137,0
DA:138,0
DA:139,0
DA:140,0
DA:141,0
DA:142,0
DA:145,0
DA:146,0
DA:147,0
DA:148,0
DA:151,0
DA:152,0
DA:154,0
DA:155,0
DA:159,0
DA:168,0
DA:177,0
DA:179,0
DA:185,0
DA:187,0
DA:188,0
LF:67
LH:1
BRDA:17,0,0,0
BRDA:17,0,1,0
BRDA:17,1,0,0
BRDA:17,1,1,0
BRDA:25,2,0,0
BRDA:25,2,1,0
BRDA:25,2,2,0
BRDA:25,2,3,0
BRDA:25,2,4,0
BRDA:25,2,5,0
BRDA:25,2,6,0
BRDA:25,2,7,0
BRDA:25,2,8,0
BRDA:25,2,9,0
BRDA:25,2,10,0
BRDA:25,2,11,0
BRDA:103,3,0,0
BRDA:103,3,1,0
BRDA:112,4,0,0
BRDA:112,4,1,0
BRDA:120,5,0,0
BRDA:120,5,1,0
BRDA:128,6,0,0
BRDA:128,6,1,0
BRDA:154,7,0,0
BRDA:154,7,1,0
BRF:26
BRH:0
end_of_record
TN:
SF:controllers\payment\index.js
FNF:0
FNH:0
LF:0
LH:0
BRF:0
BRH:0
end_of_record
TN:
SF:controllers\payment\initializePayment.controller.js
FN:8,(anonymous_0)
FNF:1
FNH:0
FNDA:0,(anonymous_0)
DA:8,4
DA:9,0
DA:10,0
DA:12,0
DA:14,0
DA:15,0
DA:16,0
DA:18,0
DA:19,0
DA:21,0
DA:22,0
DA:25,0
DA:27,0
DA:36,0
DA:47,0
DA:48,0
DA:49,0
DA:51,0
LF:18
LH:1
BRDA:14,0,0,0
BRDA:14,0,1,0
BRDA:15,1,0,0
BRDA:15,1,1,0
BRDA:18,2,0,0
BRDA:18,2,1,0
BRDA:21,3,0,0
BRDA:21,3,1,0
BRF:8
BRH:0
end_of_record
TN:
SF:controllers\payment\verifyPayment.controller.js
FN:7,(anonymous_0)
FNF:1
FNH:0
FNDA:0,(anonymous_0)
DA:7,4
DA:8,0
DA:10,0
DA:11,0
DA:13,0
DA:14,0
DA:17,0
DA:19,0
DA:20,0
DA:21,0
DA:22,0
DA:23,0
DA:25,0
DA:26,0
DA:27,0
DA:28,0
DA:29,0
DA:30,0
DA:31,0
DA:35,0
LF:20
LH:1
BRDA:11,0,0,0
BRDA:11,0,1,0
BRDA:13,1,0,0
BRDA:13,1,1,0
BRDA:19,2,0,0
BRDA:19,2,1,0
BRDA:25,3,0,0
BRDA:25,3,1,0
BRDA:27,4,0,0
BRDA:27,4,1,0
BRDA:27,5,0,0
BRDA:27,5,1,0
BRF:12
BRH:0
end_of_record
TN:
SF:controllers\spaces\createSpace.controller.js
FN:19,(anonymous_0)
FN:125,(anonymous_1)
FN:284,(anonymous_2)
FN:395,(anonymous_3)
FNF:4
FNH:0
FNDA:0,(anonymous_0)
FNDA:0,(anonymous_1)
FNDA:0,(anonymous_2)
FNDA:0,(anonymous_3)
DA:19,4
DA:20,0
DA:21,0
DA:23,0
DA:24,0
DA:31,0
DA:32,0
DA:41,0
DA:42,0
DA:43,0
DA:46,0
DA:56,0
DA:57,0
DA:61,0
DA:67,0
DA:68,0
DA:69,0
DA:75,0
DA:81,0
DA:84,0
DA:85,0
DA:94,0
DA:95,0
DA:98,0
DA:99,0
DA:107,0
DA:108,0
DA:114,0
DA:125,4
DA:126,0
DA:127,0
DA:139,0
DA:141,0
DA:142,0
DA:152,0
DA:153,0
DA:159,0
DA:162,0
DA:163,0
DA:166,0
DA:167,0
DA:170,0
DA:171,0
DA:175,0
DA:176,0
DA:177,0
DA:178,0
DA:179,0
DA:180,0
DA:181,0
DA:185,0
DA:186,0
DA:187,0
DA:188,0
DA:189,0
DA:193,0
DA:194,0
DA:197,0
DA:198,0
DA:201,0
DA:202,0
DA:205,0
DA:206,0
DA:210,0
DA:211,0
DA:212,0
DA:217,0
DA:218,0
DA:224,0
DA:239,0
DA:242,0
DA:243,0
DA:253,0
DA:254,0
DA:257,0
DA:258,0
DA:266,0
DA:267,0
DA:272,0
DA:284,4
DA:285,0
DA:286,0
DA:287,0
DA:289,0
DA:290,0
DA:297,0
DA:298,0
DA:304,0
DA:305,0
DA:311,0
DA:312,0
DA:313,0
DA:318,0
DA:319,0
DA:325,0
DA:328,0
DA:329,0
DA:330,0
DA:336,0
DA:337,0
DA:343,0
DA:344,0
DA:345,0
DA:351,0
DA:352,0
DA:355,0
DA:356,0
DA:364,0
DA:365,0
DA:368,0
DA:369,0
DA:377,0
DA:378,0
DA:383,0
DA:395,4
DA:396,0
DA:397,0
DA:402,0
DA:404,0
DA:405,0
DA:415,0
DA:425,0
DA:430,0
LF:123
LH:4
BRDA:27,0,0,0
BRDA:27,0,1,0
BRDA:31,1,0,0
BRDA:31,1,1,0
BRDA:56,2,0,0
BRDA:56,2,1,0
BRDA:67,3,0,0
BRDA:67,3,1,0
BRDA:68,4,0,0
BRDA:68,4,1,0
BRDA:89,5,0,0
BRDA:89,5,1,0
BRDA:107,6,0,0
BRDA:107,6,1,0
BRDA:147,7,0,0
BRDA:147,7,1,0
BRDA:148,8,0,0
BRDA:148,8,1,0
BRDA:152,9,0,0
BRDA:152,9,1,0
BRDA:162,10,0,0
BRDA:162,10,1,0
BRDA:162,11,0,0
BRDA:162,11,1,0
BRDA:166,12,0,0
BRDA:166,12,1,0
BRDA:166,13,0,0
BRDA:166,13,1,0
BRDA:170,14,0,0
BRDA:170,14,1,0
BRDA:170,15,0,0
BRDA:170,15,1,0
BRDA:176,16,0,0
BRDA:176,16,1,0
BRDA:176,17,0,0
BRDA:176,17,1,0
BRDA:178,18,0,0
BRDA:178,18,1,0
BRDA:180,19,0,0
BRDA:180,19,1,0
BRDA:186,20,0,0
BRDA:186,20,1,0
BRDA:186,21,0,0
BRDA:186,21,1,0
BRDA:188,22,0,0
BRDA:188,22,1,0
BRDA:193,23,0,0
BRDA:193,23,1,0
BRDA:193,24,0,0
BRDA:193,24,1,0
BRDA:197,25,0,0
BRDA:197,25,1,0
BRDA:197,26,0,0
BRDA:197,26,1,0
BRDA:201,27,0,0
BRDA:201,27,1,0
BRDA:201,28,0,0
BRDA:201,28,1,0
BRDA:205,29,0,0
BRDA:205,29,1,0
BRDA:205,30,0,0
BRDA:205,30,1,0
BRDA:210,31,0,0
BRDA:210,31,1,0
BRDA:211,32,0,0
BRDA:211,32,1,0
BRDA:217,33,0,0
BRDA:217,33,1,0
BRDA:230,34,0,0
BRDA:230,34,1,0
BRDA:231,35,0,0
BRDA:231,35,1,0
BRDA:232,36,0,0
BRDA:232,36,1,0
BRDA:233,37,0,0
BRDA:233,37,1,0
BRDA:234,38,0,0
BRDA:234,38,1,0
BRDA:247,39,0,0
BRDA:247,39,1,0
BRDA:248,40,0,0
BRDA:248,40,1,0
BRDA:266,41,0,0
BRDA:266,41,1,0
BRDA:293,42,0,0
BRDA:293,42,1,0
BRDA:297,43,0,0
BRDA:297,43,1,0
BRDA:304,44,0,0
BRDA:304,44,1,0
BRDA:311,45,0,0
BRDA:311,45,1,0
BRDA:312,46,0,0
BRDA:312,46,1,0
BRDA:318,47,0,0
BRDA:318,47,1,0
BRDA:329,48,0,0
BRDA:329,48,1,0
BRDA:329,49,0,0
BRDA:329,49,1,0
BRDA:336,50,0,0
BRDA:336,50,1,0
BRDA:336,51,0,0
BRDA:336,51,1,0
BRDA:343,52,0,0
BRDA:343,52,1,0
BRDA:344,53,0,0
BRDA:344,53,1,0
BRDA:377,54,0,0
BRDA:377,54,1,0
BRDA:404,55,0,0
BRDA:404,55,1,0
BRF:112
BRH:0
end_of_record
TN:
SF:controllers\spaces\index.js
FNF:0
FNH:0
DA:63,0
LF:1
LH:0
BRF:0
BRH:0
end_of_record
TN:
SF:controllers\spaces\manageSpaces.controller.js
FN:24,(anonymous_0)
FN:83,(anonymous_1)
FN:229,(anonymous_2)
FN:299,(anonymous_3)
FN:379,(anonymous_4)
FN:475,(anonymous_5)
FNF:6
FNH:0
FNDA:0,(anonymous_0)
FNDA:0,(anonymous_1)
FNDA:0,(anonymous_2)
FNDA:0,(anonymous_3)
FNDA:0,(anonymous_4)
FNDA:0,(anonymous_5)
DA:24,4
DA:25,0
DA:26,0
DA:28,0
DA:29,0
DA:35,0
DA:38,0
DA:39,0
DA:45,0
DA:51,0
DA:54,0
DA:55,0
DA:64,0
DA:65,0
DA:71,0
DA:83,4
DA:84,0
DA:85,0
DA:86,0
DA:88,0
DA:89,0
DA:97,0
DA:98,0
DA:104,0
DA:105,0
DA:111,0
DA:112,0
DA:113,0
DA:116,0
DA:117,0
DA:122,0
DA:123,0
DA:128,0
DA:129,0
DA:130,0
DA:131,0
DA:137,0
DA:138,0
DA:139,0
DA:140,0
DA:147,0
DA:148,0
DA:153,0
DA:154,0
DA:160,0
DA:161,0
DA:162,0
DA:168,0
DA:169,0
DA:170,0
DA:172,0
DA:173,0
DA:175,0
DA:176,0
DA:178,0
DA:179,0
DA:183,0
DA:186,0
DA:187,0
DA:196,0
DA:197,0
DA:200,0
DA:201,0
DA:210,0
DA:211,0
DA:217,0
DA:229,4
DA:230,0
DA:231,0
DA:232,0
DA:234,0
DA:235,0
DA:241,0
DA:242,0
DA:248,0
DA:249,0
DA:255,0
DA:258,0
DA:259,0
DA:266,0
DA:267,0
DA:270,0
DA:271,0
DA:280,0
DA:281,0
DA:287,0
DA:299,4
DA:300,0
DA:301,0
DA:302,0
DA:304,0
DA:305,0
DA:312,0
DA:313,0
DA:319,0
DA:320,0
DA:322,0
DA:323,0
DA:329,0
DA:335,0
DA:336,0
DA:345,0
DA:346,0
DA:349,0
DA:350,0
DA:360,0
DA:361,0
DA:367,0
DA:379,4
DA:380,0
DA:381,0
DA:382,0
DA:384,0
DA:385,0
DA:392,0
DA:393,0
DA:399,0
DA:400,0
DA:401,0
DA:402,0
DA:410,0
DA:436,0
DA:437,0
DA:444,0
DA:447,0
DA:448,0
DA:457,0
DA:458,0
DA:463,0
DA:475,4
DA:476,0
DA:477,0
DA:478,0
DA:479,0
DA:481,0
DA:482,0
DA:489,0
DA:490,0
DA:496,0
DA:497,0
DA:502,0
DA:503,0
DA:509,0
DA:512,0
DA:513,0
DA:521,0
DA:531,0
DA:534,0
DA:535,0
DA:544,0
DA:545,0
DA:550,0
LF:152
LH:6
BRDA:64,0,0,0
BRDA:64,0,1,0
BRDA:93,1,0,0
BRDA:93,1,1,0
BRDA:97,2,0,0
BRDA:97,2,1,0
BRDA:104,3,0,0
BRDA:104,3,1,0
BRDA:116,4,0,0
BRDA:116,4,1,0
BRDA:116,5,0,0
BRDA:116,5,1,0
BRDA:122,6,0,0
BRDA:122,6,1,0
BRDA:122,7,0,0
BRDA:122,7,1,0
BRDA:128,8,0,0
BRDA:128,8,1,0
BRDA:130,9,0,0
BRDA:130,9,1,0
BRDA:130,10,0,0
BRDA:130,10,1,0
BRDA:137,11,0,0
BRDA:137,11,1,0
BRDA:139,12,0,0
BRDA:139,12,1,0
BRDA:139,13,0,0
BRDA:139,13,1,0
BRDA:147,14,0,0
BRDA:147,14,1,0
BRDA:147,15,0,0
BRDA:147,15,1,0
BRDA:153,16,0,0
BRDA:153,16,1,0
BRDA:153,17,0,0
BRDA:153,17,1,0
BRDA:160,18,0,0
BRDA:160,18,1,0
BRDA:161,19,0,0
BRDA:161,19,1,0
BRDA:169,20,0,0
BRDA:169,20,1,0
BRDA:172,21,0,0
BRDA:172,21,1,0
BRDA:175,22,0,0
BRDA:175,22,1,0
BRDA:175,23,0,0
BRDA:175,23,1,0
BRDA:178,24,0,0
BRDA:178,24,1,0
BRDA:178,25,0,0
BRDA:178,25,1,0
BRDA:210,26,0,0
BRDA:210,26,1,0
BRDA:241,27,0,0
BRDA:241,27,1,0
BRDA:248,28,0,0
BRDA:248,28,1,0
BRDA:280,29,0,0
BRDA:280,29,1,0
BRDA:302,30,0,0
BRDA:302,31,0,0
BRDA:312,32,0,0
BRDA:312,32,1,0
BRDA:322,33,0,0
BRDA:322,33,1,0
BRDA:322,34,0,0
BRDA:322,34,1,0
BRDA:322,34,2,0
BRDA:360,35,0,0
BRDA:360,35,1,0
BRDA:382,36,0,0
BRDA:392,37,0,0
BRDA:392,37,1,0
BRDA:399,38,0,0
BRDA:399,38,1,0
BRDA:401,39,0,0
BRDA:401,39,1,0
BRDA:401,40,0,0
BRDA:401,40,1,0
BRDA:415,41,0,0
BRDA:415,41,1,0
BRDA:416,42,0,0
BRDA:416,42,1,0
BRDA:422,43,0,0
BRDA:422,43,1,0
BRDA:457,44,0,0
BRDA:457,44,1,0
BRDA:489,45,0,0
BRDA:489,45,1,0
BRDA:496,46,0,0
BRDA:496,46,1,0
BRDA:502,47,0,0
BRDA:502,47,1,0
BRDA:523,48,0,0
BRDA:523,48,1,0
BRDA:544,49,0,0
BRDA:544,49,1,0
BRF:98
BRH:0
end_of_record
TN:
SF:controllers\spaces\searchSpaces.controller.js
FN:23,(anonymous_0)
FN:149,(anonymous_1)
FN:208,(anonymous_2)
FN:274,(anonymous_3)
FN:343,(anonymous_4)
FN:446,(anonymous_5)
FN:465,(anonymous_6)
FNF:7
FNH:0
FNDA:0,(anonymous_0)
FNDA:0,(anonymous_1)
FNDA:0,(anonymous_2)
FNDA:0,(anonymous_3)
FNDA:0,(anonymous_4)
FNDA:0,(anonymous_5)
FNDA:0,(anonymous_6)
DA:23,4
DA:24,0
DA:26,0
DA:27,0
DA:43,0
DA:46,0
DA:47,0
DA:50,0
DA:52,0
DA:53,0
DA:56,0
DA:57,0
DA:58,0
DA:59,0
DA:63,0
DA:66,0
DA:67,0
DA:68,0
DA:69,0
DA:73,0
DA:76,0
DA:77,0
DA:78,0
DA:79,0
DA:83,0
DA:86,0
DA:87,0
DA:90,0
DA:91,0
DA:95,0
DA:102,0
DA:103,0
DA:112,0
DA:117,0
DA:120,0
DA:121,0
DA:130,0
DA:131,0
DA:137,0
DA:149,4
DA:150,0
DA:151,0
DA:153,0
DA:154,0
DA:159,0
DA:160,0
DA:161,0
DA:167,0
DA:170,0
DA:171,0
DA:177,0
DA:178,0
DA:181,0
DA:182,0
DA:190,0
DA:191,0
DA:196,0
DA:208,4
DA:209,0
DA:211,0
DA:212,0
DA:218,0
DA:220,0
DA:221,0
DA:224,0
DA:226,0
DA:227,0
DA:228,0
DA:233,0
DA:236,0
DA:237,0
DA:243,0
DA:244,0
DA:247,0
DA:248,0
DA:256,0
DA:257,0
DA:262,0
DA:274,4
DA:275,0
DA:276,0
DA:278,0
DA:279,0
DA:287,0
DA:288,0
DA:294,0
DA:301,0
DA:302,0
DA:310,0
DA:311,0
DA:314,0
DA:315,0
DA:325,0
DA:326,0
DA:331,0
DA:343,4
DA:344,0
DA:346,0
DA:347,0
DA:367,0
DA:370,0
DA:372,0
DA:373,0
DA:376,0
DA:377,0
DA:378,0
DA:380,0
DA:381,0
DA:385,0
DA:386,0
DA:389,0
DA:390,0
DA:393,0
DA:394,0
DA:397,0
DA:398,0
DA:401,0
DA:402,0
DA:406,0
DA:407,0
DA:408,0
DA:415,0
DA:424,0
DA:427,0
DA:428,0
DA:430,0
DA:432,0
DA:433,0
DA:434,0
DA:440,0
DA:441,0
DA:446,0
DA:447,0
DA:452,0
DA:453,0
DA:461,0
DA:465,0
DA:505,0
DA:508,0
DA:509,0
DA:517,0
DA:518,0
DA:523,0
LF:143
LH:5
BRDA:40,0,0,0
BRDA:41,1,0,0
BRDA:42,2,0,0
BRDA:46,3,0,0
BRDA:46,3,1,0
BRDA:47,4,0,0
BRDA:47,4,1,0
BRDA:52,5,0,0
BRDA:52,5,1,0
BRDA:56,6,0,0
BRDA:56,6,1,0
BRDA:58,7,0,0
BRDA:58,7,1,0
BRDA:58,8,0,0
BRDA:58,8,1,0
BRDA:66,9,0,0
BRDA:66,9,1,0
BRDA:68,10,0,0
BRDA:68,10,1,0
BRDA:68,11,0,0
BRDA:68,11,1,0
BRDA:76,12,0,0
BRDA:76,12,1,0
BRDA:78,13,0,0
BRDA:78,13,1,0
BRDA:78,14,0,0
BRDA:78,14,1,0
BRDA:86,15,0,0
BRDA:86,15,1,0
BRDA:90,16,0,0
BRDA:90,16,1,0
BRDA:130,17,0,0
BRDA:130,17,1,0
BRDA:151,18,0,0
BRDA:160,19,0,0
BRDA:160,19,1,0
BRDA:160,20,0,0
BRDA:160,20,1,0
BRDA:160,20,2,0
BRDA:190,21,0,0
BRDA:190,21,1,0
BRDA:220,22,0,0
BRDA:220,22,1,0
BRDA:224,23,0,0
BRDA:224,23,1,0
BRDA:227,24,0,0
BRDA:227,24,1,0
BRDA:227,25,0,0
BRDA:227,25,1,0
BRDA:256,26,0,0
BRDA:256,26,1,0
BRDA:287,27,0,0
BRDA:287,27,1,0
BRDA:287,28,0,0
BRDA:287,28,1,0
BRDA:287,28,2,0
BRDA:305,29,0,0
BRDA:305,29,1,0
BRDA:325,30,0,0
BRDA:325,30,1,0
BRDA:363,31,0,0
BRDA:364,32,0,0
BRDA:365,33,0,0
BRDA:366,34,0,0
BRDA:372,35,0,0
BRDA:372,35,1,0
BRDA:376,36,0,0
BRDA:376,36,1,0
BRDA:377,37,0,0
BRDA:377,37,1,0
BRDA:380,38,0,0
BRDA:380,38,1,0
BRDA:385,39,0,0
BRDA:385,39,1,0
BRDA:389,40,0,0
BRDA:389,40,1,0
BRDA:389,41,0,0
BRDA:389,41,1,0
BRDA:393,42,0,0
BRDA:393,42,1,0
BRDA:393,43,0,0
BRDA:393,43,1,0
BRDA:397,44,0,0
BRDA:397,44,1,0
BRDA:397,45,0,0
BRDA:397,45,1,0
BRDA:401,46,0,0
BRDA:401,46,1,0
BRDA:401,47,0,0
BRDA:401,47,1,0
BRDA:407,48,0,0
BRDA:407,48,1,0
BRDA:407,49,0,0
BRDA:407,49,1,0
BRDA:407,49,2,0
BRDA:428,50,0,0
BRDA:428,50,1,0
BRDA:440,51,0,0
BRDA:440,51,1,0
BRDA:472,52,0,0
BRDA:472,52,1,0
BRDA:473,53,0,0
BRDA:473,53,1,0
BRDA:474,54,0,0
BRDA:474,54,1,0
BRDA:475,55,0,0
BRDA:475,55,1,0
BRDA:480,56,0,0
BRDA:480,56,1,0
BRDA:517,57,0,0
BRDA:517,57,1,0
BRF:111
BRH:0
end_of_record
TN:
SF:controllers\wallet\getTransactions.controller.js
FN:4,(anonymous_0)
FNF:1
FNH:0
FNDA:0,(anonymous_0)
DA:4,4
DA:5,0
DA:7,0
DA:14,0
LF:4
LH:1
BRDA:5,0,0,0
BRDA:5,1,0,0
BRF:2
BRH:0
end_of_record
TN:
SF:controllers\wallet\getWallet.controller.js
FN:4,(anonymous_0)
FNF:1
FNH:0
FNDA:0,(anonymous_0)
DA:4,4
DA:5,0
DA:7,0
LF:3
LH:1
BRF:0
BRH:0
end_of_record
TN:
SF:controllers\wallet\index.js
FNF:0
FNH:0
LF:0
LH:0
BRF:0
BRH:0
end_of_record
TN:
SF:controllers\wallet\requestWithdrawal.controller.js
FN:10,(anonymous_0)
FNF:1
FNH:0
FNDA:0,(anonymous_0)
DA:10,4
DA:11,0
DA:12,0
DA:14,0
DA:15,0
DA:19,0
DA:20,0
DA:21,0
DA:23,0
DA:50,0
DA:51,0
DA:54,0
DA:55,0
DA:61,0
DA:62,0
DA:69,0
DA:70,0
DA:72,0
DA:74,0
DA:85,0
DA:86,0
DA:90,0
DA:100,0
DA:113,0
DA:115,0
DA:126,0
DA:127,0
DA:129,0
LF:28
LH:1
BRDA:14,0,0,0
BRDA:14,0,1,0
BRDA:50,1,0,0
BRDA:50,1,1,0
BRDA:51,2,0,0
BRDA:51,2,1,0
BRDA:54,3,0,0
BRDA:54,3,1,0
BRDA:61,4,0,0
BRDA:61,4,1,0
BRDA:85,5,0,0
BRDA:85,5,1,0
BRF:12
BRH:0
end_of_record
TN:
SF:middleware\adminActionLog.js
FN:8,(anonymous_0)
FNF:1
FNH:0
FNDA:0,(anonymous_0)
DA:8,4
DA:10,0
DA:11,0
DA:15,0
DA:16,0
DA:19,0
DA:21,0
DA:35,0
DA:37,0
DA:44,0
DA:51,0
LF:11
LH:1
BRDA:10,0,0,0
BRDA:10,0,1,0
BRDA:10,1,0,0
BRDA:10,1,1,0
BRDA:15,2,0,0
BRDA:15,2,1,0
BRDA:29,3,0,0
BRDA:29,3,1,0
BRF:8
BRH:0
end_of_record
TN:
SF:middleware\auth.js
FN:13,(anonymous_0)
FN:81,(anonymous_1)
FN:82,(anonymous_2)
FN:100,(anonymous_3)
FN:137,(anonymous_4)
FN:177,(anonymous_5)
FNF:6
FNH:0
FNDA:0,(anonymous_0)
FNDA:0,(anonymous_1)
FNDA:0,(anonymous_2)
FNDA:0,(anonymous_3)
FNDA:0,(anonymous_4)
FNDA:0,(anonymous_5)
DA:13,4
DA:17,0
DA:18,0
DA:19,0
DA:20,0
DA:24,0
DA:25,0
DA:28,0
DA:30,0
DA:33,0
DA:35,0
DA:36,0
DA:40,0
DA:41,0
DA:45,0
DA:46,0
DA:50,0
DA:51,0
DA:52,0
DA:54,0
DA:55,0
DA:58,0
DA:59,0
DA:63,0
DA:64,0
DA:68,0
DA:69,0
DA:73,4
DA:74,4
DA:81,4
DA:82,0
DA:83,0
DA:84,0
DA:87,0
DA:88,0
DA:92,0
DA:100,4
DA:102,0
DA:103,0
DA:106,0
DA:107,0
DA:110,0
DA:111,0
DA:114,0
DA:116,0
DA:117,0
DA:119,0
DA:120,0
DA:124,0
DA:125,0
DA:126,0
DA:136,0
DA:137,0
DA:138,0
DA:143,0
DA:147,0
DA:148,0
DA:150,0
DA:151,0
DA:152,0
DA:156,0
DA:157,0
DA:165,0
DA:167,0
DA:168,0
DA:177,4
DA:178,0
DA:179,0
DA:181,0
DA:188,4
DA:194,4
LF:71
LH:8
BRDA:17,0,0,0
BRDA:17,0,1,0
BRDA:17,1,0,0
BRDA:17,1,1,0
BRDA:19,2,0,0
BRDA:19,2,1,0
BRDA:24,3,0,0
BRDA:24,3,1,0
BRDA:35,4,0,0
BRDA:35,4,1,0
BRDA:40,5,0,0
BRDA:40,5,1,0
BRDA:45,6,0,0
BRDA:45,6,1,0
BRDA:54,7,0,0
BRDA:54,7,1,0
BRDA:58,8,0,0
BRDA:58,8,1,0
BRDA:63,9,0,0
BRDA:63,9,1,0
BRDA:83,10,0,0
BRDA:83,10,1,0
BRDA:87,11,0,0
BRDA:87,11,1,0
BRDA:102,12,0,0
BRDA:102,12,1,0
BRDA:110,13,0,0
BRDA:110,13,1,0
BRDA:110,14,0,0
BRDA:110,14,1,0
BRDA:119,15,0,0
BRDA:119,15,1,0
BRDA:125,16,0,0
BRDA:125,16,1,0
BRDA:125,17,0,0
BRDA:125,17,1,0
BRDA:136,18,0,0
BRDA:136,18,1,0
BRDA:150,19,0,0
BRDA:150,19,1,0
BRDA:178,20,0,0
BRDA:178,20,1,0
BRF:42
BRH:0
end_of_record
TN:
SF:middleware\bookingChecks.js
FN:8,(anonymous_0)
FN:88,(anonymous_1)
FN:128,(anonymous_2)
FN:222,(anonymous_3)
FNF:4
FNH:0
FNDA:0,(anonymous_0)
FNDA:0,(anonymous_1)
FNDA:0,(anonymous_2)
FNDA:0,(anonymous_3)
DA:8,4
DA:9,0
DA:10,0
DA:11,0
DA:13,0
DA:14,0
DA:19,0
DA:26,0
DA:27,0
DA:29,0
DA:30,0
DA:34,0
DA:40,0
DA:41,0
DA:45,0
DA:52,0
DA:53,0
DA:57,0
DA:64,0
DA:78,0
DA:79,0
DA:85,0
DA:88,0
DA:97,0
DA:105,0
DA:106,0
DA:109,0
DA:116,0
DA:128,4
DA:129,0
DA:130,0
DA:132,0
DA:134,0
DA:135,0
DA:137,0
DA:138,0
DA:139,0
DA:145,0
DA:148,0
DA:149,0
DA:152,0
DA:153,0
DA:158,0
DA:165,0
DA:166,0
DA:171,0
DA:178,0
DA:179,0
DA:180,0
DA:182,0
DA:183,0
DA:187,0
DA:193,0
DA:200,0
DA:201,0
DA:204,0
DA:210,0
DA:222,4
DA:223,0
DA:224,0
DA:226,0
DA:227,0
DA:228,0
DA:235,0
DA:236,0
DA:240,0
DA:247,0
DA:248,0
DA:250,0
DA:251,0
DA:256,0
DA:262,0
DA:268,0
DA:271,0
DA:276,0
DA:287,4
LF:76
LH:4
BRDA:13,0,0,0
BRDA:13,0,1,0
BRDA:13,1,0,0
BRDA:13,1,1,0
BRDA:13,1,2,0
BRDA:29,2,0,0
BRDA:29,2,1,0
BRDA:29,3,0,0
BRDA:29,3,1,0
BRDA:40,4,0,0
BRDA:40,4,1,0
BRDA:52,5,0,0
BRDA:52,5,1,0
BRDA:78,6,0,0
BRDA:78,6,1,0
BRDA:101,7,0,0
BRDA:101,7,1,0
BRDA:132,8,0,0
BRDA:132,8,1,0
BRDA:137,9,0,0
BRDA:137,9,1,0
BRDA:137,10,0,0
BRDA:137,10,1,0
BRDA:152,11,0,0
BRDA:152,11,1,0
BRDA:165,12,0,0
BRDA:165,12,1,0
BRDA:182,13,0,0
BRDA:182,13,1,0
BRDA:226,14,0,0
BRDA:226,14,1,0
BRDA:235,15,0,0
BRDA:235,15,1,0
BRDA:250,16,0,0
BRDA:250,16,1,0
BRF:35
BRH:0
end_of_record
TN:
SF:middleware\errorHandler.js
FN:4,(anonymous_0)
FN:18,(anonymous_1)
FN:22,(anonymous_2)
FNF:3
FNH:3
FNDA:7,(anonymous_0)
FNDA:7,(anonymous_1)
FNDA:7,(anonymous_2)
DA:4,4
DA:5,7
DA:6,0
DA:9,7
DA:10,7
DA:12,7
DA:18,4
DA:19,7
DA:22,4
DA:23,7
DA:24,7
DA:29,7
DA:30,7
DA:31,7
DA:32,7
DA:36,7
DA:45,7
LF:17
LH:16
BRDA:5,0,0,0
BRDA:5,0,1,7
BRDA:9,1,0,7
BRDA:9,1,1,7
BRDA:10,2,0,7
BRDA:10,2,1,0
BRDA:14,3,0,7
BRDA:14,3,1,0
BRDA:23,4,0,0
BRDA:29,5,0,7
BRDA:29,5,1,0
BRDA:31,6,0,7
BRDA:31,6,1,0
BRF:13
BRH:7
end_of_record
TN:
SF:middleware\hostVerification.js
FN:9,(anonymous_0)
FN:62,(anonymous_1)
FN:111,(anonymous_2)
FN:171,(anonymous_3)
FNF:4
FNH:0
FNDA:0,(anonymous_0)
FNDA:0,(anonymous_1)
FNDA:0,(anonymous_2)
FNDA:0,(anonymous_3)
DA:9,4
DA:10,0
DA:11,0
DA:14,0
DA:15,0
DA:19,0
DA:25,0
DA:26,0
DA:30,0
DA:36,0
DA:42,0
DA:45,0
DA:50,0
DA:62,4
DA:63,0
DA:64,0
DA:65,0
DA:68,0
DA:73,0
DA:74,0
DA:79,0
DA:85,0
DA:91,0
DA:94,0
DA:99,0
DA:111,4
DA:112,0
DA:113,0
DA:114,0
DA:116,0
DA:117,0
DA:118,0
DA:125,0
DA:131,0
DA:132,0
DA:137,0
DA:143,0
DA:149,0
DA:150,0
DA:153,0
DA:159,0
DA:171,4
DA:172,0
DA:173,0
DA:180,0
DA:182,0
DA:183,0
DA:187,0
DA:193,0
DA:198,0
DA:201,0
DA:206,0
DA:217,4
DA:226,4
LF:54
LH:6
BRDA:14,0,0,0
BRDA:14,0,1,0
BRDA:25,1,0,0
BRDA:25,1,1,0
BRDA:73,2,0,0
BRDA:73,2,1,0
BRDA:116,3,0,0
BRDA:116,3,1,0
BRDA:131,4,0,0
BRDA:131,4,1,0
BRDA:182,5,0,0
BRDA:182,5,1,0
BRF:12
BRH:0
end_of_record
TN:
SF:middleware\ownership.js
FN:10,(anonymous_0)
FN:69,(anonymous_1)
FN:128,(anonymous_2)
FN:187,(anonymous_3)
FNF:4
FNH:0
FNDA:0,(anonymous_0)
FNDA:0,(anonymous_1)
FNDA:0,(anonymous_2)
FNDA:0,(anonymous_3)
DA:10,4
DA:11,0
DA:12,0
DA:13,0
DA:15,0
DA:16,0
DA:17,0
DA:24,0
DA:29,0
DA:30,0
DA:35,0
DA:41,0
DA:47,0
DA:48,0
DA:51,0
DA:57,0
DA:69,4
DA:70,0
DA:71,0
DA:72,0
DA:74,0
DA:75,0
DA:76,0
DA:83,0
DA:88,0
DA:89,0
DA:94,0
DA:100,0
DA:106,0
DA:107,0
DA:110,0
DA:116,0
DA:128,4
DA:129,0
DA:130,0
DA:131,0
DA:133,0
DA:134,0
DA:135,0
DA:142,0
DA:147,0
DA:148,0
DA:153,0
DA:159,0
DA:165,0
DA:166,0
DA:169,0
DA:175,0
DA:187,4
DA:188,0
DA:189,0
DA:190,0
DA:192,0
DA:193,0
DA:194,0
DA:201,0
DA:202,0
DA:203,0
DA:207,0
DA:214,0
DA:219,0
DA:220,0
DA:225,0
DA:231,0
DA:238,0
DA:239,0
DA:240,0
DA:243,0
DA:249,0
LF:69
LH:4
BRDA:15,0,0,0
BRDA:15,0,1,0
BRDA:29,1,0,0
BRDA:29,1,1,0
BRDA:74,2,0,0
BRDA:74,2,1,0
BRDA:88,3,0,0
BRDA:88,3,1,0
BRDA:133,4,0,0
BRDA:133,4,1,0
BRDA:147,5,0,0
BRDA:147,5,1,0
BRDA:192,6,0,0
BRDA:192,6,1,0
BRDA:202,7,0,0
BRDA:202,7,1,0
BRDA:219,8,0,0
BRDA:219,8,1,0
BRF:18
BRH:0
end_of_record
TN:
SF:middleware\resources.js
FN:11,(anonymous_0)
FN:59,(anonymous_1)
FN:106,(anonymous_2)
FN:154,(anonymous_3)
FN:201,(anonymous_4)
FNF:5
FNH:0
FNDA:0,(anonymous_0)
FNDA:0,(anonymous_1)
FNDA:0,(anonymous_2)
FNDA:0,(anonymous_3)
FNDA:0,(anonymous_4)
DA:11,4
DA:12,0
DA:13,0
DA:15,0
DA:16,0
DA:17,0
DA:24,0
DA:29,0
DA:30,0
DA:31,0
DA:37,0
DA:38,0
DA:39,0
DA:42,0
DA:47,0
DA:59,4
DA:60,0
DA:61,0
DA:63,0
DA:64,0
DA:65,0
DA:72,0
DA:76,0
DA:77,0
DA:78,0
DA:84,0
DA:85,0
DA:86,0
DA:89,0
DA:94,0
DA:106,4
DA:107,0
DA:108,0
DA:110,0
DA:111,0
DA:112,0
DA:119,0
DA:124,0
DA:125,0
DA:126,0
DA:132,0
DA:133,0
DA:134,0
DA:137,0
DA:142,0
DA:154,4
DA:155,0
DA:156,0
DA:158,0
DA:159,0
DA:160,0
DA:167,0
DA:171,0
DA:172,0
DA:173,0
DA:179,0
DA:180,0
DA:181,0
DA:184,0
DA:189,0
DA:201,4
DA:202,0
DA:203,0
DA:205,0
DA:206,0
DA:207,0
DA:214,0
DA:219,0
DA:220,0
DA:221,0
DA:227,0
DA:228,0
DA:229,0
DA:232,0
DA:237,0
LF:75
LH:5
BRDA:15,0,0,0
BRDA:15,0,1,0
BRDA:29,1,0,0
BRDA:29,1,1,0
BRDA:63,2,0,0
BRDA:63,2,1,0
BRDA:76,3,0,0
BRDA:76,3,1,0
BRDA:110,4,0,0
BRDA:110,4,1,0
BRDA:124,5,0,0
BRDA:124,5,1,0
BRDA:158,6,0,0
BRDA:158,6,1,0
BRDA:171,7,0,0
BRDA:171,7,1,0
BRDA:205,8,0,0
BRDA:205,8,1,0
BRDA:219,9,0,0
BRDA:219,9,1,0
BRF:20
BRH:0
end_of_record
TN:
SF:middleware\reviewChecks.js
FN:9,(anonymous_0)
FN:90,(anonymous_1)
FN:148,(anonymous_2)
FN:203,(anonymous_3)
FN:260,(anonymous_4)
FNF:5
FNH:0
FNDA:0,(anonymous_0)
FNDA:0,(anonymous_1)
FNDA:0,(anonymous_2)
FNDA:0,(anonymous_3)
FNDA:0,(anonymous_4)
DA:9,0
DA:10,0
DA:11,0
DA:12,0
DA:14,0
DA:15,0
DA:16,0
DA:23,0
DA:30,0
DA:31,0
DA:36,0
DA:43,0
DA:44,0
DA:45,0
DA:47,0
DA:48,0
DA:54,0
DA:60,0
DA:68,0
DA:69,0
DA:72,0
DA:78,0
DA:90,0
DA:91,0
DA:92,0
DA:93,0
DA:95,0
DA:96,0
DA:97,0
DA:104,0
DA:109,0
DA:110,0
DA:115,0
DA:122,0
DA:127,0
DA:130,0
DA:136,0
DA:148,0
DA:149,0
DA:150,0
DA:153,0
DA:154,0
DA:158,0
DA:164,0
DA:165,0
DA:169,0
DA:175,0
DA:176,0
DA:180,0
DA:187,0
DA:188,0
DA:192,0
DA:199,0
DA:200,0
DA:201,0
DA:202,0
DA:203,0
DA:206,0
DA:207,0
DA:211,0
DA:218,0
DA:219,0
DA:220,0
DA:225,0
DA:233,0
DA:240,0
DA:243,0
DA:248,0
DA:260,0
DA:261,0
DA:262,0
DA:264,0
DA:265,0
DA:266,0
DA:273,0
DA:274,0
DA:278,0
DA:285,0
DA:286,0
DA:287,0
DA:289,0
DA:290,0
DA:295,0
DA:301,0
DA:307,0
DA:310,0
DA:315,0
DA:326,0
DA:335,0
LF:89
LH:0
BRDA:14,0,0,0
BRDA:14,0,1,0
BRDA:30,1,0,0
BRDA:30,1,1,0
BRDA:47,2,0,0
BRDA:47,2,1,0
BRDA:95,3,0,0
BRDA:95,3,1,0
BRDA:109,4,0,0
BRDA:109,4,1,0
BRDA:153,5,0,0
BRDA:153,5,1,0
BRDA:153,6,0,0
BRDA:153,6,1,0
BRDA:164,7,0,0
BRDA:164,7,1,0
BRDA:164,8,0,0
BRDA:164,8,1,0
BRDA:175,9,0,0
BRDA:175,9,1,0
BRDA:187,10,0,0
BRDA:187,10,1,0
BRDA:187,11,0,0
BRDA:187,11,1,0
BRDA:200,12,0,0
BRDA:200,12,1,0
BRDA:206,13,0,0
BRDA:206,13,1,0
BRDA:219,14,0,0
BRDA:219,14,1,0
BRDA:219,15,0,0
BRDA:219,15,1,0
BRDA:219,15,2,0
BRDA:264,16,0,0
BRDA:264,16,1,0
BRDA:273,17,0,0
BRDA:273,17,1,0
BRDA:273,18,0,0
BRDA:273,18,1,0
BRDA:289,19,0,0
BRDA:289,19,1,0
BRDA:304,20,0,0
BRDA:304,20,1,0
BRF:43
BRH:0
end_of_record
TN:
SF:middleware\roles.js
FN:4,(anonymous_0)
FN:5,(anonymous_1)
FN:26,(anonymous_2)
FNF:3
FNH:2
FNDA:36,(anonymous_0)
FNDA:0,(anonymous_1)
FNDA:12,(anonymous_2)
DA:4,4
DA:5,36
DA:6,0
DA:7,0
DA:8,0
DA:13,0
DA:14,0
DA:17,0
DA:22,0
DA:26,12
LF:10
LH:3
BRDA:6,0,0,0
BRDA:6,0,1,0
BRDA:13,1,0,0
BRDA:13,1,1,0
BRF:4
BRH:0
end_of_record
TN:
SF:middleware\sanitize.js
FN:3,(anonymous_0)
FN:8,(anonymous_1)
FN:27,(anonymous_2)
FNF:3
FNH:0
FNDA:0,(anonymous_0)
FNDA:0,(anonymous_1)
FNDA:0,(anonymous_2)
DA:3,4
DA:4,0
DA:5,0
DA:8,0
DA:9,0
DA:17,0
DA:21,4
DA:27,0
LF:8
LH:2
BRDA:4,0,0,0
BRDA:4,0,1,0
BRDA:17,1,0,0
BRDA:17,1,1,0
BRF:4
BRH:0
end_of_record
TN:
SF:middleware\sharedValidation.js
FN:27,(anonymous_0)
FN:28,(anonymous_1)
FN:39,(anonymous_2)
FN:408,(anonymous_3)
FN:458,(anonymous_4)
FN:482,(anonymous_5)
FN:483,(anonymous_6)
FN:484,(anonymous_7)
FN:501,(anonymous_8)
FN:506,(anonymous_9)
FNF:10
FNH:0
FNDA:0,(anonymous_0)
FNDA:0,(anonymous_1)
FNDA:0,(anonymous_2)
FNDA:0,(anonymous_3)
FNDA:0,(anonymous_4)
FNDA:0,(anonymous_5)
FNDA:0,(anonymous_6)
FNDA:0,(anonymous_7)
FNDA:0,(anonymous_8)
FNDA:0,(anonymous_9)
DA:19,0
DA:27,0
DA:28,0
DA:29,0
DA:30,0
DA:36,0
DA:37,0
DA:39,0
DA:45,0
DA:54,0
DA:55,0
DA:64,0
DA:111,0
DA:130,0
DA:210,0
DA:251,0
DA:274,0
DA:312,0
DA:323,0
DA:347,0
DA:369,0
DA:392,0
DA:393,0
DA:394,0
DA:395,0
DA:396,0
DA:397,0
DA:398,0
DA:399,0
DA:400,0
DA:401,0
DA:408,0
DA:409,0
DA:411,0
DA:412,0
DA:413,0
DA:414,0
DA:417,0
DA:418,0
DA:422,0
DA:423,0
DA:427,0
DA:428,0
DA:432,0
DA:433,0
DA:434,0
DA:437,0
DA:438,0
DA:442,0
DA:443,0
DA:444,0
DA:447,0
DA:448,0
DA:451,0
DA:453,0
DA:458,0
DA:459,0
DA:461,0
DA:462,0
DA:463,0
DA:465,0
DA:466,0
DA:469,0
DA:470,0
DA:473,0
DA:474,0
DA:478,0
DA:482,0
DA:483,0
DA:484,0
DA:485,0
DA:486,0
DA:487,0
DA:492,0
DA:493,0
DA:494,0
DA:496,0
DA:501,0
DA:502,0
DA:506,0
LF:80
LH:0
BRDA:27,0,0,0
BRDA:36,1,0,0
BRDA:36,1,1,0
BRDA:417,2,0,0
BRDA:417,2,1,0
BRDA:417,3,0,0
BRDA:417,3,1,0
BRDA:422,4,0,0
BRDA:422,4,1,0
BRDA:427,5,0,0
BRDA:427,5,1,0
BRDA:433,6,0,0
BRDA:433,6,1,0
BRDA:437,7,0,0
BRDA:437,7,1,0
BRDA:443,8,0,0
BRDA:443,8,1,0
BRDA:447,9,0,0
BRDA:447,9,1,0
BRDA:461,10,0,0
BRDA:461,10,1,0
BRDA:461,11,0,0
BRDA:461,11,1,0
BRDA:465,12,0,0
BRDA:465,12,1,0
BRDA:465,13,0,0
BRDA:465,13,1,0
BRDA:469,14,0,0
BRDA:469,14,1,0
BRDA:473,15,0,0
BRDA:473,15,1,0
BRDA:473,16,0,0
BRDA:473,16,1,0
BRDA:482,17,0,0
BRDA:486,18,0,0
BRDA:486,18,1,0
BRDA:486,19,0,0
BRDA:486,19,1,0
BRDA:492,20,0,0
BRDA:492,20,1,0
BRDA:493,21,0,0
BRDA:493,21,1,0
BRDA:494,22,0,0
BRDA:494,22,1,0
BRF:44
BRH:0
end_of_record
TN:
SF:middleware\validate.js
FN:1,(anonymous_0)
FN:1,(anonymous_1)
FN:6,(anonymous_2)
FN:11,(anonymous_3)
FNF:4
FNH:1
FNDA:92,(anonymous_0)
FNDA:0,(anonymous_1)
FNDA:0,(anonymous_2)
FNDA:0,(anonymous_3)
DA:1,92
DA:2,0
DA:5,0
DA:6,0
DA:9,0
DA:10,0
DA:11,0
DA:12,0
DA:14,0
LF:9
LH:1
BRDA:5,0,0,0
BRDA:5,0,1,0
BRDA:5,1,0,0
BRDA:5,1,1,0
BRDA:10,2,0,0
BRDA:10,2,1,0
BRF:6
BRH:0
end_of_record
TN:
SF:services\emailService.js
FN:4,(anonymous_0)
FN:17,(anonymous_1)
FN:58,(anonymous_2)
FN:96,(anonymous_3)
FN:128,(anonymous_4)
FN:234,(anonymous_5)
FN:262,(anonymous_6)
FN:366,(anonymous_7)
FNF:8
FNH:1
FNDA:4,(anonymous_0)
FNDA:0,(anonymous_1)
FNDA:0,(anonymous_2)
FNDA:0,(anonymous_3)
FNDA:0,(anonymous_4)
FNDA:0,(anonymous_5)
FNDA:0,(anonymous_6)
FNDA:0,(anonymous_7)
DA:5,4
DA:6,4
DA:7,4
DA:18,0
DA:19,0
DA:27,0
DA:28,0
DA:29,0
DA:36,0
DA:42,0
DA:43,0
DA:59,0
DA:60,0
DA:68,0
DA:69,0
DA:70,0
DA:77,0
DA:83,0
DA:84,0
DA:97,0
DA:101,0
DA:102,0
DA:107,0
DA:113,0
DA:114,0
DA:129,0
DA:235,0
DA:263,0
DA:367,0
LF:29
LH:3
BRDA:6,0,0,4
BRDA:6,0,1,0
BRDA:7,1,0,4
BRDA:7,1,1,0
BRDA:17,2,0,0
BRDA:27,3,0,0
BRDA:27,3,1,0
BRDA:58,4,0,0
BRDA:68,5,0,0
BRDA:68,5,1,0
BRDA:101,6,0,0
BRDA:101,6,1,0
BRF:12
BRH:2
end_of_record
TN:
SF:services\otpService.js
FN:8,(anonymous_0)
FN:25,(anonymous_1)
FN:45,(anonymous_2)
FN:76,(anonymous_3)
FN:85,(anonymous_4)
FNF:5
FNH:0
FNDA:0,(anonymous_0)
FNDA:0,(anonymous_1)
FNDA:0,(anonymous_2)
FNDA:0,(anonymous_3)
FNDA:0,(anonymous_4)
DA:8,4
DA:9,0
DA:10,0
DA:12,0
DA:13,0
DA:16,0
DA:25,4
DA:26,0
DA:27,0
DA:28,0
DA:30,0
DA:45,4
DA:47,0
DA:48,0
DA:56,0
DA:57,0
DA:64,0
DA:76,4
DA:77,0
DA:85,4
DA:86,0
DA:87,0
DA:89,0
DA:90,0
DA:93,0
LF:25
LH:5
BRDA:8,0,0,0
BRDA:25,1,0,0
BRDA:25,2,0,0
BRDA:47,3,0,0
BRDA:47,3,1,0
BRDA:56,4,0,0
BRDA:56,4,1,0
BRDA:89,5,0,0
BRDA:89,5,1,0
BRF:9
BRH:0
end_of_record
TN:
SF:services\admin\admin.service.js
FN:23,(anonymous_0)
FN:51,(anonymous_1)
FN:79,(anonymous_2)
FN:107,(anonymous_3)
FN:155,(anonymous_4)
FN:198,(anonymous_5)
FN:295,(anonymous_6)
FN:339,(anonymous_7)
FN:365,(anonymous_8)
FN:394,(anonymous_9)
FN:428,(anonymous_10)
FN:445,(anonymous_11)
FN:449,(anonymous_12)
FN:453,(anonymous_13)
FN:456,(anonymous_14)
FN:459,(anonymous_15)
FN:463,(anonymous_16)
FN:465,(anonymous_17)
FN:470,(anonymous_18)
FN:472,(anonymous_19)
FNF:20
FNH:0
FNDA:0,(anonymous_0)
FNDA:0,(anonymous_1)
FNDA:0,(anonymous_2)
FNDA:0,(anonymous_3)
FNDA:0,(anonymous_4)
FNDA:0,(anonymous_5)
FNDA:0,(anonymous_6)
FNDA:0,(anonymous_7)
FNDA:0,(anonymous_8)
FNDA:0,(anonymous_9)
FNDA:0,(anonymous_10)
FNDA:0,(anonymous_11)
FNDA:0,(anonymous_12)
FNDA:0,(anonymous_13)
FNDA:0,(anonymous_14)
FNDA:0,(anonymous_15)
FNDA:0,(anonymous_16)
FNDA:0,(anonymous_17)
FNDA:0,(anonymous_18)
FNDA:0,(anonymous_19)
DA:24,0
DA:26,0
DA:28,0
DA:31,0
DA:33,0
DA:35,0
DA:40,0
DA:52,0
DA:54,0
DA:56,0
DA:59,0
DA:61,0
DA:63,0
DA:68,0
DA:80,0
DA:82,0
DA:84,0
DA:87,0
DA:89,0
DA:91,0
DA:96,0
DA:108,0
DA:110,0
DA:111,0
DA:115,0
DA:116,0
DA:120,0
DA:127,0
DA:130,0
DA:136,0
DA:143,0
DA:144,0
DA:156,0
DA:158,0
DA:159,0
DA:163,0
DA:170,0
DA:173,0
DA:179,0
DA:186,0
DA:187,0
DA:199,0
DA:201,0
DA:202,0
DA:206,0
DA:213,0
DA:216,0
DA:222,0
DA:225,0
DA:226,0
DA:232,0
DA:233,0
DA:234,0
DA:240,0
DA:241,0
DA:242,0
DA:244,0
DA:246,0
DA:254,0
DA:262,0
DA:269,0
DA:275,0
DA:282,0
DA:283,0
DA:296,0
DA:298,0
DA:299,0
DA:303,0
DA:311,0
DA:314,0
DA:320,0
DA:327,0
DA:328,0
DA:340,0
DA:342,0
DA:344,0
DA:347,0
DA:349,0
DA:351,0
DA:356,0
DA:366,0
DA:368,0
DA:371,0
DA:374,0
DA:376,0
DA:381,0
DA:395,0
DA:396,0
DA:409,0
DA:412,0
DA:419,0
DA:429,0
DA:430,0
DA:431,0
DA:432,0
DA:433,0
DA:443,0
DA:445,0
DA:449,0
DA:453,0
DA:456,0
DA:459,0
DA:464,0
DA:465,0
DA:466,0
DA:467,0
DA:469,0
DA:470,0
DA:472,0
DA:476,0
DA:494,0
DA:499,0
LF:112
LH:0
BRDA:23,0,0,0
BRDA:23,1,0,0
BRDA:24,2,0,0
BRDA:24,3,0,0
BRDA:51,4,0,0
BRDA:51,5,0,0
BRDA:52,6,0,0
BRDA:52,7,0,0
BRDA:79,8,0,0
BRDA:79,9,0,0
BRDA:80,10,0,0
BRDA:80,11,0,0
BRDA:110,12,0,0
BRDA:110,12,1,0
BRDA:110,13,0,0
BRDA:110,13,1,0
BRDA:115,14,0,0
BRDA:115,14,1,0
BRDA:143,15,0,0
BRDA:143,15,1,0
BRDA:155,16,0,0
BRDA:158,17,0,0
BRDA:158,17,1,0
BRDA:158,18,0,0
BRDA:158,18,1,0
BRDA:186,19,0,0
BRDA:186,19,1,0
BRDA:198,20,0,0
BRDA:201,21,0,0
BRDA:201,21,1,0
BRDA:201,22,0,0
BRDA:201,22,1,0
BRDA:232,23,0,0
BRDA:232,23,1,0
BRDA:282,24,0,0
BRDA:282,24,1,0
BRDA:295,25,0,0
BRDA:298,26,0,0
BRDA:298,26,1,0
BRDA:298,27,0,0
BRDA:298,27,1,0
BRDA:298,27,2,0
BRDA:327,28,0,0
BRDA:327,28,1,0
BRDA:339,29,0,0
BRDA:339,30,0,0
BRDA:340,31,0,0
BRDA:340,32,0,0
BRDA:394,33,0,0
BRDA:404,34,0,0
BRDA:404,34,1,0
BRDA:405,35,0,0
BRDA:405,35,1,0
BRDA:445,36,0,0
BRDA:445,36,1,0
BRDA:449,37,0,0
BRDA:449,37,1,0
BRDA:453,38,0,0
BRDA:453,38,1,0
BRDA:456,39,0,0
BRDA:456,39,1,0
BRDA:459,40,0,0
BRDA:459,40,1,0
BRDA:467,41,0,0
BRDA:467,41,1,0
BRF:65
BRH:0
end_of_record
TN:
SF:services\auth\auth.service.js
FN:37,(anonymous_0)
FN:111,(anonymous_1)
FN:182,(anonymous_2)
FN:217,(anonymous_3)
FN:260,(anonymous_4)
FN:284,(anonymous_5)
FN:326,(anonymous_6)
FN:373,(anonymous_7)
FN:421,(anonymous_8)
FN:463,(anonymous_9)
FN:503,(anonymous_10)
FN:555,(anonymous_11)
FN:598,(anonymous_12)
FN:685,(anonymous_13)
FN:689,(anonymous_14)
FN:703,(anonymous_15)
FNF:16
FNH:0
FNDA:0,(anonymous_0)
FNDA:0,(anonymous_1)
FNDA:0,(anonymous_2)
FNDA:0,(anonymous_3)
FNDA:0,(anonymous_4)
FNDA:0,(anonymous_5)
FNDA:0,(anonymous_6)
FNDA:0,(anonymous_7)
FNDA:0,(anonymous_8)
FNDA:0,(anonymous_9)
FNDA:0,(anonymous_10)
FNDA:0,(anonymous_11)
FNDA:0,(anonymous_12)
FNDA:0,(anonymous_13)
FNDA:0,(anonymous_14)
FNDA:0,(anonymous_15)
DA:38,0
DA:39,0
DA:42,0
DA:43,0
DA:44,0
DA:48,0
DA:62,0
DA:63,0
DA:64,0
DA:65,0
DA:67,0
DA:75,0
DA:76,0
DA:79,0
DA:86,0
DA:94,0
DA:96,0
DA:101,0
DA:112,0
DA:113,0
DA:114,0
DA:117,0
DA:118,0
DA:119,0
DA:123,0
DA:124,0
DA:125,0
DA:129,0
DA:130,0
DA:134,0
DA:135,0
DA:138,0
DA:146,0
DA:149,0
DA:150,0
DA:153,0
DA:160,0
DA:166,0
DA:172,0
DA:183,0
DA:185,0
DA:186,0
DA:190,0
DA:191,0
DA:195,0
DA:201,0
DA:203,0
DA:208,0
DA:218,0
DA:220,0
DA:221,0
DA:222,0
DA:226,0
DA:227,0
DA:230,0
DA:236,0
DA:241,0
DA:247,0
DA:251,0
DA:261,0
DA:262,0
DA:263,0
DA:264,0
DA:267,0
DA:269,0
DA:274,0
DA:285,0
DA:287,0
DA:290,0
DA:292,0
DA:293,0
DA:294,0
DA:298,0
DA:299,0
DA:300,0
DA:303,0
DA:309,0
DA:311,0
DA:316,0
DA:327,0
DA:328,0
DA:331,0
DA:332,0
DA:333,0
DA:337,0
DA:340,0
DA:341,0
DA:342,0
DA:346,0
DA:349,0
DA:354,0
DA:359,0
DA:364,0
DA:374,0
DA:375,0
DA:376,0
DA:378,0
DA:382,0
DA:385,0
DA:386,0
DA:388,0
DA:393,0
DA:398,0
DA:404,0
DA:406,0
DA:411,0
DA:422,0
DA:424,0
DA:425,0
DA:426,0
DA:430,0
DA:431,0
DA:434,0
DA:439,0
DA:448,0
DA:453,0
DA:464,0
DA:466,0
DA:467,0
DA:470,0
DA:471,0
DA:472,0
DA:476,0
DA:479,0
DA:485,0
DA:490,0
DA:494,0
DA:504,0
DA:505,0
DA:506,0
DA:507,0
DA:510,0
DA:511,0
DA:515,0
DA:518,0
DA:519,0
DA:521,0
DA:526,0
DA:529,0
DA:535,0
DA:540,0
DA:545,0
DA:556,0
DA:557,0
DA:558,0
DA:559,0
DA:562,0
DA:563,0
DA:567,0
DA:568,0
DA:569,0
DA:573,0
DA:575,0
DA:581,0
DA:583,0
DA:588,0
DA:599,0
DA:600,0
DA:603,0
DA:605,0
DA:607,0
DA:621,0
DA:622,0
DA:623,0
DA:624,0
DA:626,0
DA:632,0
DA:639,0
DA:647,0
DA:648,0
DA:651,0
DA:658,0
DA:665,0
DA:671,0
DA:676,0
DA:686,0
DA:687,0
DA:689,0
DA:690,0
DA:691,0
DA:695,0
DA:704,0
LF:182
LH:0
BRDA:39,0,0,0
BRDA:43,1,0,0
BRDA:43,1,1,0
BRDA:118,2,0,0
BRDA:118,2,1,0
BRDA:124,3,0,0
BRDA:124,3,1,0
BRDA:129,4,0,0
BRDA:129,4,1,0
BRDA:185,5,0,0
BRDA:185,5,1,0
BRDA:190,6,0,0
BRDA:190,6,1,0
BRDA:190,7,0,0
BRDA:190,7,1,0
BRDA:221,8,0,0
BRDA:221,8,1,0
BRDA:263,9,0,0
BRDA:263,9,1,0
BRDA:293,10,0,0
BRDA:293,10,1,0
BRDA:298,11,0,0
BRDA:298,11,1,0
BRDA:298,12,0,0
BRDA:298,12,1,0
BRDA:332,13,0,0
BRDA:332,13,1,0
BRDA:341,14,0,0
BRDA:341,14,1,0
BRDA:376,15,0,0
BRDA:376,15,1,0
BRDA:425,16,0,0
BRDA:425,16,1,0
BRDA:471,17,0,0
BRDA:471,17,1,0
BRDA:506,18,0,0
BRDA:506,18,1,0
BRDA:510,19,0,0
BRDA:510,19,1,0
BRDA:558,20,0,0
BRDA:558,20,1,0
BRDA:562,21,0,0
BRDA:562,21,1,0
BRDA:568,22,0,0
BRDA:568,22,1,0
BRDA:605,23,0,0
BRDA:605,23,1,0
BRDA:690,24,0,0
BRDA:690,24,1,0
BRDA:704,25,0,0
BRDA:704,25,1,0
BRDA:704,25,2,0
BRF:52
BRH:0
end_of_record
TN:
SF:services\bookings\booking.service.js
FN:9,(anonymous_0)
FN:23,(anonymous_1)
FN:51,(anonymous_2)
FN:96,(anonymous_3)
FN:140,(anonymous_4)
FN:192,(anonymous_5)
FN:247,(anonymous_6)
FN:286,(anonymous_7)
FN:409,(anonymous_8)
FN:502,(anonymous_9)
FN:607,(anonymous_10)
FNF:11
FNH:0
FNDA:0,(anonymous_0)
FNDA:0,(anonymous_1)
FNDA:0,(anonymous_2)
FNDA:0,(anonymous_3)
FNDA:0,(anonymous_4)
FNDA:0,(anonymous_5)
FNDA:0,(anonymous_6)
FNDA:0,(anonymous_7)
FNDA:0,(anonymous_8)
FNDA:0,(anonymous_9)
FNDA:0,(anonymous_10)
DA:7,4
DA:9,4
DA:23,4
DA:24,0
DA:26,0
DA:33,0
DA:34,0
DA:35,0
DA:39,0
DA:47,0
DA:48,0
DA:51,0
DA:72,0
DA:77,0
DA:82,0
DA:96,4
DA:97,0
DA:99,0
DA:106,0
DA:108,0
DA:109,0
DA:114,0
DA:115,0
DA:120,0
DA:121,0
DA:122,0
DA:124,0
DA:125,0
DA:129,0
DA:137,0
DA:140,0
DA:165,0
DA:170,0
DA:177,0
DA:178,0
DA:181,0
DA:192,4
DA:193,0
DA:199,0
DA:201,0
DA:202,0
DA:204,0
DA:205,0
DA:209,0
DA:210,0
DA:213,0
DA:215,0
DA:220,0
DA:221,0
DA:225,0
DA:227,0
DA:234,0
DA:235,0
DA:238,0
DA:247,4
DA:248,0
DA:255,0
DA:264,0
DA:267,0
DA:268,0
DA:271,0
DA:272,0
DA:274,0
DA:275,0
DA:278,0
DA:279,0
DA:283,0
DA:284,0
DA:285,0
DA:286,0
DA:296,0
DA:297,0
DA:298,0
DA:301,0
DA:302,0
DA:306,0
DA:307,0
DA:308,0
DA:311,0
DA:312,0
DA:313,0
DA:315,0
DA:317,0
DA:318,0
DA:319,0
DA:320,0
DA:321,0
DA:322,0
DA:323,0
DA:324,0
DA:325,0
DA:326,0
DA:327,0
DA:328,0
DA:330,0
DA:331,0
DA:332,0
DA:336,0
DA:338,0
DA:339,0
DA:340,0
DA:341,0
DA:343,0
DA:344,0
DA:345,0
DA:346,0
DA:348,0
DA:349,0
DA:350,0
DA:351,0
DA:354,0
DA:355,0
DA:359,0
DA:362,0
DA:379,0
DA:381,0
DA:388,0
DA:390,0
DA:396,0
DA:397,0
DA:400,0
DA:409,4
DA:410,0
DA:416,0
DA:418,0
DA:419,0
DA:421,0
DA:422,0
DA:426,0
DA:427,0
DA:431,0
DA:437,0
DA:438,0
DA:442,0
DA:445,0
DA:446,0
DA:454,0
DA:455,0
DA:456,0
DA:461,0
DA:467,0
DA:473,0
DA:482,0
DA:489,0
DA:490,0
DA:493,0
DA:502,4
DA:503,0
DA:508,0
DA:510,0
DA:511,0
DA:513,0
DA:514,0
DA:518,0
DA:519,0
DA:523,0
DA:524,0
DA:525,0
DA:529,0
DA:530,0
DA:531,0
DA:532,0
DA:534,0
DA:536,0
DA:537,0
DA:538,0
DA:539,0
DA:541,0
DA:542,0
DA:543,0
DA:546,0
DA:550,0
DA:561,0
DA:562,0
DA:566,0
DA:572,0
DA:579,0
DA:588,0
DA:594,0
DA:595,0
DA:598,0
DA:607,4
DA:608,0
DA:610,0
DA:611,0
DA:614,0
DA:615,0
DA:617,0
DA:618,0
DA:619,0
DA:620,0
DA:621,0
DA:625,0
DA:626,0
DA:628,0
DA:629,0
DA:630,0
DA:634,0
DA:635,0
DA:636,0
DA:637,0
DA:638,0
DA:642,0
DA:643,0
DA:646,0
DA:656,4
LF:206
LH:10
BRDA:9,0,0,0
BRDA:9,1,0,0
BRDA:10,2,0,0
BRDA:10,2,1,0
BRDA:11,3,0,0
BRDA:11,3,1,0
BRDA:34,4,0,0
BRDA:34,4,1,0
BRDA:53,5,0,0
BRDA:53,5,1,0
BRDA:54,6,0,0
BRDA:54,6,1,0
BRDA:55,7,0,0
BRDA:55,7,1,0
BRDA:56,8,0,0
BRDA:56,8,1,0
BRDA:57,9,0,0
BRDA:57,9,1,0
BRDA:68,10,0,0
BRDA:68,10,1,0
BRDA:69,11,0,0
BRDA:69,11,1,0
BRDA:108,12,0,0
BRDA:108,12,1,0
BRDA:114,13,0,0
BRDA:114,13,1,0
BRDA:121,14,0,0
BRDA:121,14,1,0
BRDA:124,15,0,0
BRDA:124,15,1,0
BRDA:142,16,0,0
BRDA:142,16,1,0
BRDA:143,17,0,0
BRDA:143,17,1,0
BRDA:144,18,0,0
BRDA:144,18,1,0
BRDA:145,19,0,0
BRDA:145,19,1,0
BRDA:146,20,0,0
BRDA:146,20,1,0
BRDA:148,21,0,0
BRDA:148,21,1,0
BRDA:149,22,0,0
BRDA:149,22,1,0
BRDA:150,23,0,0
BRDA:150,23,1,0
BRDA:151,24,0,0
BRDA:151,24,1,0
BRDA:159,25,0,0
BRDA:159,25,1,0
BRDA:160,26,0,0
BRDA:160,26,1,0
BRDA:177,27,0,0
BRDA:177,27,1,0
BRDA:204,28,0,0
BRDA:204,28,1,0
BRDA:209,29,0,0
BRDA:209,29,1,0
BRDA:209,30,0,0
BRDA:209,30,1,0
BRDA:213,31,0,0
BRDA:213,31,1,0
BRDA:220,32,0,0
BRDA:220,32,1,0
BRDA:234,33,0,0
BRDA:234,33,1,0
BRDA:267,34,0,0
BRDA:267,34,1,0
BRDA:267,35,0,0
BRDA:267,35,1,0
BRDA:267,35,2,0
BRDA:267,35,3,0
BRDA:274,36,0,0
BRDA:274,36,1,0
BRDA:278,37,0,0
BRDA:278,37,1,0
BRDA:284,38,0,0
BRDA:284,38,1,0
BRDA:297,39,0,0
BRDA:297,39,1,0
BRDA:301,40,0,0
BRDA:301,40,1,0
BRDA:311,41,0,0
BRDA:311,41,1,0
BRDA:315,42,0,0
BRDA:315,42,1,0
BRDA:317,43,0,0
BRDA:317,43,1,0
BRDA:317,44,0,0
BRDA:317,44,1,0
BRDA:321,45,0,0
BRDA:321,45,1,0
BRDA:321,46,0,0
BRDA:321,46,1,0
BRDA:325,47,0,0
BRDA:325,47,1,0
BRDA:325,48,0,0
BRDA:325,48,1,0
BRDA:336,49,0,0
BRDA:336,49,1,0
BRDA:336,49,2,0
BRDA:336,49,3,0
BRDA:336,49,4,0
BRDA:338,50,0,0
BRDA:338,50,1,0
BRDA:343,51,0,0
BRDA:343,51,1,0
BRDA:348,52,0,0
BRDA:348,52,1,0
BRDA:359,53,0,0
BRDA:359,53,1,0
BRDA:370,54,0,0
BRDA:370,54,1,0
BRDA:372,55,0,0
BRDA:372,55,1,0
BRDA:396,56,0,0
BRDA:396,56,1,0
BRDA:421,57,0,0
BRDA:421,57,1,0
BRDA:426,58,0,0
BRDA:426,58,1,0
BRDA:437,59,0,0
BRDA:437,59,1,0
BRDA:445,60,0,0
BRDA:445,60,1,0
BRDA:450,61,0,0
BRDA:450,61,1,0
BRDA:454,62,0,0
BRDA:454,62,1,0
BRDA:475,63,0,0
BRDA:475,63,1,0
BRDA:475,64,0,0
BRDA:475,64,1,0
BRDA:489,65,0,0
BRDA:489,65,1,0
BRDA:513,66,0,0
BRDA:513,66,1,0
BRDA:518,67,0,0
BRDA:518,67,1,0
BRDA:523,68,0,0
BRDA:523,68,1,0
BRDA:534,69,0,0
BRDA:534,69,1,0
BRDA:539,70,0,0
BRDA:539,70,1,0
BRDA:557,71,0,0
BRDA:557,71,1,0
BRDA:561,72,0,0
BRDA:561,72,1,0
BRDA:562,73,0,0
BRDA:562,73,1,0
BRDA:594,74,0,0
BRDA:594,74,1,0
BRDA:610,75,0,0
BRDA:610,75,1,0
BRDA:614,76,0,0
BRDA:614,76,1,0
BRDA:618,77,0,0
BRDA:618,77,1,0
BRDA:620,78,0,0
BRDA:620,78,1,0
BRDA:625,79,0,0
BRDA:625,79,1,0
BRDA:629,80,0,0
BRDA:629,80,1,0
BRDA:634,81,0,0
BRDA:634,81,1,0
BRDA:634,82,0,0
BRDA:634,82,1,0
BRDA:637,83,0,0
BRDA:637,83,1,0
BRDA:642,84,0,0
BRDA:642,84,1,0
BRDA:642,85,0,0
BRDA:642,85,1,0
BRDA:642,85,2,0
BRF:176
BRH:0
end_of_record
TN:
SF:services\payment\monnify.service.js
FN:11,(anonymous_0)
FN:20,(anonymous_1)
FN:47,(anonymous_2)
FN:81,(anonymous_3)
FN:100,(anonymous_4)
FNF:5
FNH:1
FNDA:4,(anonymous_0)
FNDA:0,(anonymous_1)
FNDA:0,(anonymous_2)
FNDA:0,(anonymous_3)
FNDA:0,(anonymous_4)
DA:8,4
DA:12,4
DA:13,4
DA:14,4
DA:15,4
DA:16,4
DA:17,4
DA:21,0
DA:22,0
DA:25,0
DA:26,0
DA:28,0
DA:29,0
DA:31,0
DA:37,0
DA:38,0
DA:39,0
DA:40,0
DA:42,0
DA:43,0
DA:48,0
DA:50,0
DA:51,0
DA:67,0
DA:72,0
DA:74,0
DA:77,0
DA:82,0
DA:84,0
DA:85,0
DA:90,0
DA:92,0
DA:96,0
DA:103,0
DA:107,0
LF:35
LH:7
BRDA:21,0,0,0
BRDA:21,0,1,0
BRDA:26,1,0,0
BRDA:26,1,1,0
BRDA:75,2,0,0
BRDA:75,2,1,0
BRDA:94,3,0,0
BRDA:94,3,1,0
BRF:8
BRH:0
end_of_record
TN:
SF:services\spaces\space.service.js
FN:21,(anonymous_0)
FN:95,(anonymous_1)
FN:164,(anonymous_2)
FN:202,(anonymous_3)
FN:273,(anonymous_4)
FN:326,(anonymous_5)
FN:377,(anonymous_6)
FN:408,(anonymous_7)
FN:442,(anonymous_8)
FN:489,(anonymous_9)
FN:517,(anonymous_10)
FN:559,(anonymous_11)
FN:583,(anonymous_12)
FNF:13
FNH:0
FNDA:0,(anonymous_0)
FNDA:0,(anonymous_1)
FNDA:0,(anonymous_2)
FNDA:0,(anonymous_3)
FNDA:0,(anonymous_4)
FNDA:0,(anonymous_5)
FNDA:0,(anonymous_6)
FNDA:0,(anonymous_7)
FNDA:0,(anonymous_8)
FNDA:0,(anonymous_9)
FNDA:0,(anonymous_10)
FNDA:0,(anonymous_11)
FNDA:0,(anonymous_12)
DA:21,4
DA:22,0
DA:28,0
DA:30,0
DA:31,0
DA:34,0
DA:35,0
DA:38,0
DA:39,0
DA:42,0
DA:43,0
DA:47,0
DA:50,0
DA:64,0
DA:66,0
DA:73,0
DA:75,0
DA:81,0
DA:82,0
DA:85,0
DA:95,4
DA:96,0
DA:101,0
DA:106,0
DA:109,0
DA:110,0
DA:112,0
DA:113,0
DA:117,0
DA:118,0
DA:119,0
DA:123,0
DA:130,0
DA:136,0
DA:143,0
DA:145,0
DA:151,0
DA:152,0
DA:155,0
DA:164,4
DA:165,0
DA:167,0
DA:168,0
DA:169,0
DA:172,0
DA:174,0
DA:175,0
DA:178,0
DA:179,0
DA:181,0
DA:186,0
DA:187,0
DA:190,0
DA:202,4
DA:203,0
DA:209,0
DA:210,0
DA:211,0
DA:214,0
DA:215,0
DA:219,0
DA:220,0
DA:221,0
DA:225,0
DA:226,0
DA:227,0
DA:228,0
DA:231,0
DA:232,0
DA:236,0
DA:242,0
DA:244,0
DA:251,0
DA:253,0
DA:259,0
DA:260,0
DA:263,0
DA:273,4
DA:274,0
DA:276,0
DA:277,0
DA:278,0
DA:281,0
DA:282,0
DA:286,0
DA:287,0
DA:288,0
DA:292,0
DA:294,0
DA:300,0
DA:306,0
DA:312,0
DA:313,0
DA:316,0
DA:326,4
DA:327,0
DA:329,0
DA:330,0
DA:331,0
DA:337,0
DA:339,0
DA:340,0
DA:342,0
DA:343,0
DA:346,0
DA:351,0
DA:356,0
DA:358,0
DA:364,0
DA:365,0
DA:368,0
DA:377,4
DA:378,0
DA:380,0
DA:381,0
DA:383,0
DA:388,0
DA:390,0
DA:395,0
DA:396,0
DA:399,0
DA:408,4
DA:409,0
DA:411,0
DA:412,0
DA:413,0
DA:414,0
DA:417,0
DA:419,0
DA:420,0
DA:422,0
DA:427,0
DA:428,0
DA:431,0
DA:442,4
DA:443,0
DA:449,0
DA:450,0
DA:451,0
DA:454,0
DA:455,0
DA:457,0
DA:458,0
DA:461,0
DA:462,0
DA:466,0
DA:467,0
DA:468,0
DA:472,0
DA:475,0
DA:477,0
DA:479,0
DA:485,0
DA:489,0
DA:497,0
DA:504,0
DA:505,0
DA:508,0
DA:517,4
DA:518,0
DA:519,0
DA:522,0
DA:523,0
DA:525,0
DA:526,0
DA:527,0
DA:536,0
DA:537,0
DA:541,0
DA:547,0
DA:551,0
DA:559,4
DA:560,0
DA:561,0
DA:569,0
DA:572,0
DA:583,4
DA:584,0
DA:586,0
DA:587,0
DA:590,0
DA:591,0
DA:594,0
DA:595,0
DA:598,0
DA:599,0
DA:602,0
DA:603,0
DA:606,0
DA:607,0
DA:610,0
DA:611,0
DA:614,0
LF:193
LH:12
BRDA:21,0,0,0
BRDA:30,1,0,0
BRDA:30,1,1,0
BRDA:34,2,0,0
BRDA:34,2,1,0
BRDA:34,3,0,0
BRDA:34,3,1,0
BRDA:34,3,2,0
BRDA:38,4,0,0
BRDA:38,4,1,0
BRDA:38,5,0,0
BRDA:38,5,1,0
BRDA:42,6,0,0
BRDA:42,6,1,0
BRDA:42,7,0,0
BRDA:42,7,1,0
BRDA:56,8,0,0
BRDA:56,8,1,0
BRDA:57,9,0,0
BRDA:57,9,1,0
BRDA:58,10,0,0
BRDA:58,10,1,0
BRDA:81,11,0,0
BRDA:81,11,1,0
BRDA:95,12,0,0
BRDA:95,13,0,0
BRDA:103,14,0,0
BRDA:104,15,0,0
BRDA:105,16,0,0
BRDA:112,17,0,0
BRDA:112,17,1,0
BRDA:112,18,0,0
BRDA:112,18,1,0
BRDA:112,18,2,0
BRDA:118,19,0,0
BRDA:118,19,1,0
BRDA:151,20,0,0
BRDA:151,20,1,0
BRDA:168,21,0,0
BRDA:168,21,1,0
BRDA:174,22,0,0
BRDA:174,22,1,0
BRDA:174,23,0,0
BRDA:174,23,1,0
BRDA:186,24,0,0
BRDA:186,24,1,0
BRDA:202,25,0,0
BRDA:210,26,0,0
BRDA:210,26,1,0
BRDA:214,27,0,0
BRDA:214,27,1,0
BRDA:220,28,0,0
BRDA:220,28,1,0
BRDA:225,29,0,0
BRDA:225,29,1,0
BRDA:226,30,0,0
BRDA:226,30,1,0
BRDA:227,31,0,0
BRDA:227,31,1,0
BRDA:259,32,0,0
BRDA:259,32,1,0
BRDA:277,33,0,0
BRDA:277,33,1,0
BRDA:281,34,0,0
BRDA:281,34,1,0
BRDA:287,35,0,0
BRDA:287,35,1,0
BRDA:312,36,0,0
BRDA:312,36,1,0
BRDA:326,37,0,0
BRDA:330,38,0,0
BRDA:330,38,1,0
BRDA:335,39,0,0
BRDA:336,40,0,0
BRDA:342,41,0,0
BRDA:342,41,1,0
BRDA:342,42,0,0
BRDA:342,42,1,0
BRDA:342,42,2,0
BRDA:364,43,0,0
BRDA:364,43,1,0
BRDA:377,44,0,0
BRDA:395,45,0,0
BRDA:395,45,1,0
BRDA:408,46,0,0
BRDA:413,47,0,0
BRDA:413,47,1,0
BRDA:413,48,0,0
BRDA:413,48,1,0
BRDA:427,49,0,0
BRDA:427,49,1,0
BRDA:450,50,0,0
BRDA:450,50,1,0
BRDA:450,51,0,0
BRDA:450,51,1,0
BRDA:450,51,2,0
BRDA:457,52,0,0
BRDA:457,52,1,0
BRDA:457,53,0,0
BRDA:457,53,1,0
BRDA:461,54,0,0
BRDA:461,54,1,0
BRDA:467,55,0,0
BRDA:467,55,1,0
BRDA:467,56,0,0
BRDA:467,56,1,0
BRDA:504,57,0,0
BRDA:504,57,1,0
BRDA:518,58,0,0
BRDA:518,58,1,0
BRDA:518,59,0,0
BRDA:518,59,1,0
BRDA:562,60,0,0
BRDA:562,60,1,0
BRDA:586,61,0,0
BRDA:586,61,1,0
BRDA:590,62,0,0
BRDA:590,62,1,0
BRDA:594,63,0,0
BRDA:594,63,1,0
BRDA:598,64,0,0
BRDA:598,64,1,0
BRDA:598,65,0,0
BRDA:598,65,1,0
BRDA:602,66,0,0
BRDA:602,66,1,0
BRDA:602,67,0,0
BRDA:602,67,1,0
BRDA:606,68,0,0
BRDA:606,68,1,0
BRDA:606,69,0,0
BRDA:606,69,1,0
BRDA:610,70,0,0
BRDA:610,70,1,0
BRDA:610,71,0,0
BRDA:610,71,1,0
BRF:136
BRH:0
end_of_record
TN:
SF:services\wallet\wallet.service.js
FN:7,(anonymous_0)
FN:18,(anonymous_1)
FN:24,(anonymous_2)
FN:63,(anonymous_3)
FN:105,(anonymous_4)
FN:144,(anonymous_5)
FN:171,(anonymous_6)
FNF:7
FNH:0
FNDA:0,(anonymous_0)
FNDA:0,(anonymous_1)
FNDA:0,(anonymous_2)
FNDA:0,(anonymous_3)
FNDA:0,(anonymous_4)
FNDA:0,(anonymous_5)
FNDA:0,(anonymous_6)
DA:8,0
DA:9,0
DA:10,0
DA:11,0
DA:13,0
DA:14,0
DA:19,0
DA:20,0
DA:21,0
DA:25,0
DA:26,0
DA:28,0
DA:29,0
DA:30,0
DA:32,0
DA:33,0
DA:34,0
DA:36,0
DA:37,0
DA:51,0
DA:52,0
DA:53,0
DA:55,0
DA:56,0
DA:57,0
DA:59,0
DA:64,0
DA:65,0
DA:67,0
DA:68,0
DA:69,0
DA:70,0
DA:71,0
DA:74,0
DA:75,0
DA:76,0
DA:78,0
DA:79,0
DA:93,0
DA:94,0
DA:95,0
DA:97,0
DA:98,0
DA:99,0
DA:101,0
DA:106,0
DA:107,0
DA:109,0
DA:110,0
DA:111,0
DA:113,0
DA:114,0
DA:115,0
DA:117,0
DA:118,0
DA:132,0
DA:133,0
DA:134,0
DA:136,0
DA:137,0
DA:138,0
DA:140,0
DA:145,0
DA:146,0
DA:148,0
DA:149,0
DA:150,0
DA:151,0
DA:152,0
DA:155,0
DA:156,0
DA:157,0
DA:159,0
DA:160,0
DA:161,0
DA:163,0
DA:164,0
DA:165,0
DA:167,0
DA:172,0
DA:174,0
DA:175,0
DA:176,0
DA:178,0
DA:185,0
LF:85
LH:0
BRDA:20,0,0,0
BRDA:20,0,1,0
BRDA:24,1,0,0
BRDA:30,2,0,0
BRDA:30,2,1,0
BRDA:63,3,0,0
BRDA:69,4,0,0
BRDA:69,4,1,0
BRDA:70,5,0,0
BRDA:70,5,1,0
BRDA:105,6,0,0
BRDA:111,7,0,0
BRDA:111,7,1,0
BRDA:150,8,0,0
BRDA:150,8,1,0
BRDA:151,9,0,0
BRDA:151,9,1,0
BRDA:171,10,0,0
BRDA:172,11,0,0
BRDA:172,12,0,0
BRDA:175,13,0,0
BRDA:175,13,1,0
BRDA:176,14,0,0
BRDA:176,14,1,0
BRF:24
BRH:0
end_of_record
TN:
SF:utils\AppError.js
FN:2,(anonymous_0)
FNF:1
FNH:1
FNDA:7,(anonymous_0)
DA:3,7
DA:4,7
DA:5,7
DA:6,7
DA:7,7
DA:8,7
LF:6
LH:6
BRDA:2,0,0,0
BRDA:2,1,0,0
BRDA:6,2,0,7
BRDA:6,2,1,0
BRF:4
BRH:1
end_of_record
TN:
SF:utils\asyncHandler.js
FN:1,(anonymous_0)
FN:1,(anonymous_1)
FNF:2
FNH:1
FNDA:116,(anonymous_0)
FNDA:0,(anonymous_1)
DA:1,116
DA:2,0
LF:2
LH:1
BRF:0
BRH:0
end_of_record
TN:
SF:utils\errorHandler.js
FN:25,(anonymous_0)
FN:44,(anonymous_1)
FN:87,(anonymous_2)
FN:88,(anonymous_3)
FN:117,(anonymous_4)
FN:136,(anonymous_5)
FN:155,(anonymous_6)
FN:168,(anonymous_7)
FN:188,(anonymous_8)
FN:208,(anonymous_9)
FN:217,(anonymous_10)
FN:298,(anonymous_11)
FN:299,(anonymous_12)
FN:309,(anonymous_13)
FN:310,(anonymous_14)
FN:333,(anonymous_15)
FN:352,(anonymous_16)
FN:382,(anonymous_17)
FN:404,(anonymous_18)
FN:439,(anonymous_19)
FN:457,(anonymous_20)
FN:484,(anonymous_21)
FN:486,(anonymous_22)
FNF:23
FNH:0
FNDA:0,(anonymous_0)
FNDA:0,(anonymous_1)
FNDA:0,(anonymous_2)
FNDA:0,(anonymous_3)
FNDA:0,(anonymous_4)
FNDA:0,(anonymous_5)
FNDA:0,(anonymous_6)
FNDA:0,(anonymous_7)
FNDA:0,(anonymous_8)
FNDA:0,(anonymous_9)
FNDA:0,(anonymous_10)
FNDA:0,(anonymous_11)
FNDA:0,(anonymous_12)
FNDA:0,(anonymous_13)
FNDA:0,(anonymous_14)
FNDA:0,(anonymous_15)
FNDA:0,(anonymous_16)
FNDA:0,(anonymous_17)
FNDA:0,(anonymous_18)
FNDA:0,(anonymous_19)
FNDA:0,(anonymous_20)
FNDA:0,(anonymous_21)
FNDA:0,(anonymous_22)
DA:16,0
DA:25,0
DA:26,0
DA:44,0
DA:46,0
DA:59,0
DA:69,0
DA:70,0
DA:74,0
DA:75,0
DA:78,0
DA:87,0
DA:88,0
DA:94,0
DA:102,0
DA:117,0
DA:118,0
DA:127,0
DA:136,0
DA:137,0
DA:146,0
DA:155,0
DA:156,0
DA:158,0
DA:168,0
DA:169,0
DA:177,0
DA:188,0
DA:189,0
DA:198,0
DA:208,0
DA:209,0
DA:210,0
DA:211,0
DA:212,0
DA:215,0
DA:217,0
DA:223,0
DA:224,0
DA:225,0
DA:226,0
DA:228,0
DA:230,0
DA:231,0
DA:232,0
DA:234,0
DA:236,0
DA:237,0
DA:238,0
DA:239,0
DA:240,0
DA:242,0
DA:244,0
DA:245,0
DA:246,0
DA:248,0
DA:250,0
DA:251,0
DA:252,0
DA:254,0
DA:256,0
DA:257,0
DA:258,0
DA:260,0
DA:261,0
DA:262,0
DA:263,0
DA:264,0
DA:265,0
DA:266,0
DA:267,0
DA:268,0
DA:273,0
DA:288,0
DA:289,0
DA:298,0
DA:299,0
DA:300,0
DA:309,0
DA:310,0
DA:311,0
DA:312,0
DA:315,0
DA:316,0
DA:322,0
DA:333,0
DA:334,0
DA:335,0
DA:344,0
DA:352,0
DA:353,0
DA:355,0
DA:362,0
DA:370,0
DA:377,0
DA:382,0
DA:383,0
DA:385,0
DA:388,0
DA:391,0
DA:399,0
DA:404,0
DA:405,0
DA:407,0
DA:415,0
DA:422,0
DA:429,0
DA:439,0
DA:441,0
DA:442,0
DA:444,0
DA:446,0
DA:448,0
DA:450,0
DA:455,0
DA:456,0
DA:457,0
DA:467,0
DA:484,0
DA:485,0
DA:486,0
DA:492,0
DA:496,0
LF:123
LH:0
BRDA:25,0,0,0
BRDA:25,1,0,0
BRDA:25,2,0,0
BRDA:44,3,0,0
BRDA:44,4,0,0
BRDA:44,5,0,0
BRDA:44,6,0,0
BRDA:69,7,0,0
BRDA:69,7,1,0
BRDA:69,8,0,0
BRDA:69,8,1,0
BRDA:69,8,2,0
BRDA:74,9,0,0
BRDA:74,9,1,0
BRDA:87,10,0,0
BRDA:89,11,0,0
BRDA:89,11,1,0
BRDA:89,11,2,0
BRDA:117,12,0,0
BRDA:117,13,0,0
BRDA:136,14,0,0
BRDA:136,15,0,0
BRDA:155,16,0,0
BRDA:155,17,0,0
BRDA:168,18,0,0
BRDA:168,19,0,0
BRDA:168,20,0,0
BRDA:188,21,0,0
BRDA:188,22,0,0
BRDA:188,23,0,0
BRDA:209,24,0,0
BRDA:209,24,1,0
BRDA:210,25,0,0
BRDA:210,25,1,0
BRDA:211,26,0,0
BRDA:211,26,1,0
BRDA:212,27,0,0
BRDA:212,27,1,0
BRDA:215,28,0,0
BRDA:215,28,1,0
BRDA:228,29,0,0
BRDA:228,29,1,0
BRDA:234,30,0,0
BRDA:234,30,1,0
BRDA:242,31,0,0
BRDA:242,31,1,0
BRDA:248,32,0,0
BRDA:248,32,1,0
BRDA:254,33,0,0
BRDA:254,33,1,0
BRDA:260,34,0,0
BRDA:260,34,1,0
BRDA:263,35,0,0
BRDA:263,35,1,0
BRDA:266,36,0,0
BRDA:266,36,1,0
BRDA:315,37,0,0
BRDA:315,37,1,0
BRDA:317,38,0,0
BRDA:317,38,1,0
BRDA:318,39,0,0
BRDA:318,39,1,0
BRDA:319,40,0,0
BRDA:319,40,1,0
BRDA:353,41,0,0
BRDA:353,41,1,0
BRDA:353,41,2,0
BRDA:353,41,3,0
BRDA:383,42,0,0
BRDA:383,42,1,0
BRDA:383,42,2,0
BRDA:383,42,3,0
BRDA:405,43,0,0
BRDA:405,43,1,0
BRDA:405,43,2,0
BRDA:405,43,3,0
BRDA:441,44,0,0
BRDA:441,44,1,0
BRDA:442,45,0,0
BRDA:442,45,1,0
BRDA:442,45,2,0
BRDA:442,45,3,0
BRDA:455,46,0,0
BRDA:455,46,1,0
BRDA:468,47,0,0
BRDA:468,47,1,0
BRDA:473,48,0,0
BRDA:473,48,1,0
BRDA:485,49,0,0
BRDA:485,49,1,0
BRF:90
BRH:0
end_of_record
TN:
SF:utils\logSanitizer.js
FN:25,(anonymous_0)
FN:34,(anonymous_1)
FN:41,(anonymous_2)
FN:60,(anonymous_3)
FN:70,(anonymous_4)
FNF:5
FNH:3
FNDA:0,(anonymous_0)
FNDA:174,(anonymous_1)
FNDA:202,(anonymous_2)
FNDA:0,(anonymous_3)
FNDA:22,(anonymous_4)
DA:1,4
DA:22,4
DA:23,4
DA:25,4
DA:26,0
DA:27,0
DA:29,0
DA:30,0
DA:31,0
DA:34,4
DA:35,174
DA:36,174
DA:37,174
DA:38,174
DA:41,4
DA:42,202
DA:44,202
DA:45,0
DA:48,202
DA:49,202
DA:52,0
DA:53,0
DA:54,0
DA:55,0
DA:56,0
DA:59,0
DA:60,0
DA:63,0
DA:64,0
DA:65,0
DA:67,0
DA:70,4
DA:71,22
DA:72,0
DA:75,22
DA:77,22
DA:78,22
DA:81,22
DA:82,202
DA:83,180
DA:86,22
LF:41
LH:23
BRDA:26,0,0,0
BRDA:26,0,1,0
BRDA:41,1,0,0
BRDA:44,2,0,0
BRDA:44,2,1,202
BRDA:48,3,0,202
BRDA:48,3,1,0
BRDA:48,4,0,202
BRDA:48,4,1,188
BRDA:49,5,0,174
BRDA:49,5,1,28
BRDA:52,6,0,0
BRDA:52,6,1,0
BRDA:55,7,0,0
BRDA:55,7,1,0
BRDA:59,8,0,0
BRDA:59,8,1,0
BRDA:71,9,0,0
BRDA:71,9,1,22
BRDA:71,10,0,22
BRDA:71,10,1,22
BRDA:77,11,0,22
BRDA:77,11,1,0
BRDA:82,12,0,22
BRDA:82,12,1,180
BRF:25
BRH:12
end_of_record
TN:
SF:utils\dto\admin.dto.js
FN:13,(anonymous_0)
FN:51,(anonymous_1)
FN:97,(anonymous_2)
FN:147,(anonymous_3)
FN:166,(anonymous_4)
FN:219,(anonymous_5)
FN:233,(anonymous_6)
FN:268,(anonymous_7)
FN:276,(anonymous_8)
FNF:9
FNH:0
FNDA:0,(anonymous_0)
FNDA:0,(anonymous_1)
FNDA:0,(anonymous_2)
FNDA:0,(anonymous_3)
FNDA:0,(anonymous_4)
FNDA:0,(anonymous_5)
FNDA:0,(anonymous_6)
FNDA:0,(anonymous_7)
FNDA:0,(anonymous_8)
DA:13,4
DA:14,0
DA:16,0
DA:51,4
DA:52,0
DA:54,0
DA:97,4
DA:98,0
DA:100,0
DA:147,4
DA:148,0
DA:150,0
DA:166,4
DA:167,0
DA:219,4
DA:220,0
DA:222,0
DA:223,0
DA:224,0
DA:225,0
DA:233,4
DA:234,0
DA:236,0
DA:237,0
DA:238,0
DA:240,0
DA:241,0
DA:248,0
DA:249,0
DA:250,0
DA:252,0
DA:268,4
DA:269,0
DA:276,0
DA:278,0
LF:35
LH:8
BRDA:14,0,0,0
BRDA:14,0,1,0
BRDA:28,1,0,0
BRDA:28,1,1,0
BRDA:41,2,0,0
BRDA:41,2,1,0
BRDA:42,3,0,0
BRDA:42,3,1,0
BRDA:52,4,0,0
BRDA:52,4,1,0
BRDA:67,5,0,0
BRDA:67,5,1,0
BRDA:68,6,0,0
BRDA:68,6,1,0
BRDA:75,7,0,0
BRDA:75,7,1,0
BRDA:98,8,0,0
BRDA:98,8,1,0
BRDA:109,9,0,0
BRDA:109,9,1,0
BRDA:110,10,0,0
BRDA:110,10,1,0
BRDA:117,11,0,0
BRDA:117,11,1,0
BRDA:118,12,0,0
BRDA:118,12,1,0
BRDA:130,13,0,0
BRDA:130,13,1,0
BRDA:148,14,0,0
BRDA:148,14,1,0
BRDA:169,15,0,0
BRDA:169,15,1,0
BRDA:170,16,0,0
BRDA:170,16,1,0
BRDA:171,17,0,0
BRDA:171,17,1,0
BRDA:172,18,0,0
BRDA:172,18,1,0
BRDA:173,19,0,0
BRDA:173,19,1,0
BRDA:174,20,0,0
BRDA:174,20,1,0
BRDA:175,21,0,0
BRDA:175,21,1,0
BRDA:179,22,0,0
BRDA:179,22,1,0
BRDA:180,23,0,0
BRDA:180,23,1,0
BRDA:181,24,0,0
BRDA:181,24,1,0
BRDA:185,25,0,0
BRDA:185,25,1,0
BRDA:186,26,0,0
BRDA:186,26,1,0
BRDA:187,27,0,0
BRDA:187,27,1,0
BRDA:191,28,0,0
BRDA:191,28,1,0
BRDA:192,29,0,0
BRDA:192,29,1,0
BRDA:193,30,0,0
BRDA:193,30,1,0
BRDA:194,31,0,0
BRDA:194,31,1,0
BRDA:198,32,0,0
BRDA:198,32,1,0
BRDA:199,33,0,0
BRDA:199,33,1,0
BRDA:200,34,0,0
BRDA:200,34,1,0
BRDA:204,35,0,0
BRDA:204,35,1,0
BRDA:205,36,0,0
BRDA:205,36,1,0
BRDA:207,37,0,0
BRDA:207,37,1,0
BRDA:220,38,0,0
BRDA:220,38,1,0
BRDA:222,39,0,0
BRDA:222,39,1,0
BRDA:234,40,0,0
BRDA:234,40,1,0
BRDA:236,41,0,0
BRDA:236,41,1,0
BRDA:240,42,0,0
BRDA:240,42,1,0
BRDA:257,43,0,0
BRDA:257,43,1,0
BRDA:268,44,0,0
BRDA:276,45,0,0
BRDA:276,45,1,0
BRDA:282,46,0,0
BRDA:282,46,1,0
BRDA:282,46,2,0
BRDA:283,47,0,0
BRDA:283,47,1,0
BRDA:284,48,0,0
BRDA:284,48,1,0
BRDA:285,49,0,0
BRDA:285,49,1,0
BRDA:285,50,0,0
BRDA:285,50,1,0
BRDA:285,50,2,0
BRDA:285,51,0,0
BRDA:285,51,1,0
BRDA:286,52,0,0
BRDA:286,52,1,0
BRDA:287,53,0,0
BRDA:287,53,1,0
BRF:109
BRH:0
end_of_record
TN:
SF:utils\dto\auth.dto.js
FN:13,(anonymous_0)
FN:62,(anonymous_1)
FN:89,(anonymous_2)
FN:111,(anonymous_3)
FN:131,(anonymous_4)
FN:153,(anonymous_5)
FN:177,(anonymous_6)
FN:202,(anonymous_7)
FN:219,(anonymous_8)
FN:233,(anonymous_9)
FN:255,(anonymous_10)
FN:271,(anonymous_11)
FN:304,(anonymous_12)
FNF:13
FNH:0
FNDA:0,(anonymous_0)
FNDA:0,(anonymous_1)
FNDA:0,(anonymous_2)
FNDA:0,(anonymous_3)
FNDA:0,(anonymous_4)
FNDA:0,(anonymous_5)
FNDA:0,(anonymous_6)
FNDA:0,(anonymous_7)
FNDA:0,(anonymous_8)
FNDA:0,(anonymous_9)
FNDA:0,(anonymous_10)
FNDA:0,(anonymous_11)
FNDA:0,(anonymous_12)
DA:13,4
DA:14,0
DA:16,0
DA:62,4
DA:63,0
DA:89,4
DA:90,0
DA:111,4
DA:112,0
DA:131,4
DA:132,0
DA:153,4
DA:154,0
DA:177,4
DA:178,0
DA:202,4
DA:203,0
DA:219,4
DA:220,0
DA:222,0
DA:223,0
DA:224,0
DA:225,0
DA:233,4
DA:234,0
DA:236,0
DA:255,4
DA:256,0
DA:271,4
DA:272,0
DA:274,0
DA:275,0
DA:276,0
DA:278,0
DA:279,0
DA:286,0
DA:287,0
DA:289,0
DA:304,4
DA:305,0
DA:309,0
LF:41
LH:13
BRDA:14,0,0,0
BRDA:14,0,1,0
BRDA:32,1,0,0
BRDA:32,1,1,0
BRDA:38,2,0,0
BRDA:38,2,1,0
BRDA:40,3,0,0
BRDA:40,3,1,0
BRDA:45,4,0,0
BRDA:45,4,1,0
BRDA:46,5,0,0
BRDA:46,5,1,0
BRDA:62,6,0,0
BRDA:68,7,0,0
BRDA:68,7,1,0
BRDA:71,8,0,0
BRDA:71,8,1,0
BRDA:89,9,0,0
BRDA:96,10,0,0
BRDA:96,10,1,0
BRDA:111,11,0,0
BRDA:131,12,0,0
BRDA:137,13,0,0
BRDA:137,13,1,0
BRDA:153,14,0,0
BRDA:159,15,0,0
BRDA:159,15,1,0
BRDA:160,16,0,0
BRDA:160,16,1,0
BRDA:165,17,0,0
BRDA:165,17,1,0
BRDA:177,18,0,0
BRDA:183,19,0,0
BRDA:183,19,1,0
BRDA:202,20,0,0
BRDA:202,21,0,0
BRDA:208,22,0,0
BRDA:208,22,1,0
BRDA:220,23,0,0
BRDA:220,23,1,0
BRDA:222,24,0,0
BRDA:222,24,1,0
BRDA:234,25,0,0
BRDA:234,25,1,0
BRDA:255,26,0,0
BRDA:255,27,0,0
BRDA:272,28,0,0
BRDA:272,28,1,0
BRDA:274,29,0,0
BRDA:274,29,1,0
BRDA:278,30,0,0
BRDA:278,30,1,0
BRDA:294,31,0,0
BRDA:294,31,1,0
BRDA:304,32,0,0
BRDA:305,33,0,0
BRDA:305,33,1,0
BRDA:315,34,0,0
BRDA:315,34,1,0
BRF:59
BRH:0
end_of_record
TN:
SF:utils\dto\booking.dto.js
FN:13,(anonymous_0)
FN:58,(anonymous_1)
FN:82,(anonymous_2)
FN:105,(anonymous_3)
FN:121,(anonymous_4)
FN:156,(anonymous_5)
FN:183,(anonymous_6)
FN:200,(anonymous_7)
FN:222,(anonymous_8)
FN:241,(anonymous_9)
FN:248,(anonymous_10)
FNF:11
FNH:0
FNDA:0,(anonymous_0)
FNDA:0,(anonymous_1)
FNDA:0,(anonymous_2)
FNDA:0,(anonymous_3)
FNDA:0,(anonymous_4)
FNDA:0,(anonymous_5)
FNDA:0,(anonymous_6)
FNDA:0,(anonymous_7)
FNDA:0,(anonymous_8)
FNDA:0,(anonymous_9)
FNDA:0,(anonymous_10)
DA:13,4
DA:14,0
DA:16,0
DA:58,4
DA:59,0
DA:82,4
DA:83,0
DA:105,4
DA:106,0
DA:121,4
DA:122,0
DA:143,0
DA:144,0
DA:147,0
DA:156,4
DA:157,0
DA:183,4
DA:184,0
DA:200,4
DA:201,0
DA:210,0
DA:211,0
DA:214,0
DA:222,4
DA:223,0
DA:225,0
DA:241,4
DA:242,0
DA:248,0
LF:29
LH:10
BRDA:14,0,0,0
BRDA:14,0,1,0
BRDA:31,1,0,0
BRDA:31,1,1,0
BRDA:32,2,0,0
BRDA:32,2,1,0
BRDA:37,3,0,0
BRDA:37,3,1,0
BRDA:38,4,0,0
BRDA:38,4,1,0
BRDA:121,5,0,0
BRDA:134,6,0,0
BRDA:134,6,1,0
BRDA:143,7,0,0
BRDA:143,7,1,0
BRDA:165,8,0,0
BRDA:165,8,1,0
BRDA:200,9,0,0
BRDA:200,10,0,0
BRDA:210,11,0,0
BRDA:210,11,1,0
BRDA:223,12,0,0
BRDA:223,12,1,0
BRF:23
BRH:0
end_of_record
TN:
SF:utils\dto\space.dto.js
FN:15,(anonymous_0)
FN:49,(anonymous_1)
FN:54,(anonymous_2)
FN:71,(anonymous_3)
FN:84,(anonymous_4)
FN:97,(anonymous_5)
FN:114,(anonymous_6)
FN:119,(anonymous_7)
FN:138,(anonymous_8)
FN:143,(anonymous_9)
FN:162,(anonymous_10)
FN:184,(anonymous_11)
FN:189,(anonymous_12)
FN:203,(anonymous_13)
FN:208,(anonymous_14)
FN:224,(anonymous_15)
FN:243,(anonymous_16)
FN:249,(anonymous_17)
FN:263,(anonymous_18)
FN:279,(anonymous_19)
FN:297,(anonymous_20)
FN:302,(anonymous_21)
FN:317,(anonymous_22)
FNF:23
FNH:0
FNDA:0,(anonymous_0)
FNDA:0,(anonymous_1)
FNDA:0,(anonymous_2)
FNDA:0,(anonymous_3)
FNDA:0,(anonymous_4)
FNDA:0,(anonymous_5)
FNDA:0,(anonymous_6)
FNDA:0,(anonymous_7)
FNDA:0,(anonymous_8)
FNDA:0,(anonymous_9)
FNDA:0,(anonymous_10)
FNDA:0,(anonymous_11)
FNDA:0,(anonymous_12)
FNDA:0,(anonymous_13)
FNDA:0,(anonymous_14)
FNDA:0,(anonymous_15)
FNDA:0,(anonymous_16)
FNDA:0,(anonymous_17)
FNDA:0,(anonymous_18)
FNDA:0,(anonymous_19)
FNDA:0,(anonymous_20)
FNDA:0,(anonymous_21)
FNDA:0,(anonymous_22)
DA:15,4
DA:16,0
DA:17,0
DA:20,0
DA:49,4
DA:50,0
DA:54,0
DA:71,4
DA:72,0
DA:84,4
DA:85,0
DA:97,4
DA:98,0
DA:114,4
DA:115,0
DA:119,0
DA:138,4
DA:139,0
DA:143,0
DA:162,4
DA:163,0
DA:184,4
DA:185,0
DA:189,0
DA:203,4
DA:204,0
DA:208,0
DA:224,4
DA:225,0
DA:243,4
DA:244,0
DA:246,0
DA:249,0
DA:263,4
DA:264,0
DA:279,4
DA:280,0
DA:297,4
DA:298,0
DA:302,0
DA:317,4
DA:318,0
DA:320,0
DA:321,0
DA:324,0
DA:325,0
DA:328,0
DA:329,0
DA:332,0
DA:333,0
DA:336,0
DA:337,0
DA:340,0
DA:341,0
DA:344,0
LF:55
LH:16
BRDA:16,0,0,0
BRDA:16,0,1,0
BRDA:27,1,0,0
BRDA:27,1,1,0
BRDA:28,2,0,0
BRDA:28,2,1,0
BRDA:29,3,0,0
BRDA:29,3,1,0
BRDA:30,4,0,0
BRDA:30,4,1,0
BRDA:36,5,0,0
BRDA:36,5,1,0
BRDA:138,6,0,0
BRDA:168,7,0,0
BRDA:168,7,1,0
BRDA:169,8,0,0
BRDA:169,8,1,0
BRDA:170,9,0,0
BRDA:170,9,1,0
BRDA:171,10,0,0
BRDA:171,10,1,0
BRDA:172,11,0,0
BRDA:172,11,1,0
BRDA:232,12,0,0
BRDA:232,12,1,0
BRDA:244,13,0,0
BRDA:244,13,1,0
BRDA:250,14,0,0
BRDA:250,14,1,0
BRDA:251,15,0,0
BRDA:251,15,1,0
BRDA:263,16,0,0
BRDA:297,17,0,0
BRDA:320,18,0,0
BRDA:320,18,1,0
BRDA:324,19,0,0
BRDA:324,19,1,0
BRDA:328,20,0,0
BRDA:328,20,1,0
BRDA:332,21,0,0
BRDA:332,21,1,0
BRDA:332,22,0,0
BRDA:332,22,1,0
BRDA:336,23,0,0
BRDA:336,23,1,0
BRDA:336,24,0,0
BRDA:336,24,1,0
BRDA:340,25,0,0
BRDA:340,25,1,0
BRDA:350,26,0,0
BRDA:350,26,1,0
BRDA:351,27,0,0
BRDA:351,27,1,0
BRDA:352,28,0,0
BRDA:352,28,1,0
BRDA:353,29,0,0
BRDA:353,29,1,0
BRF:57
BRH:0
end_of_record
TN:
SF:validators\admin.validator.js
FNF:0
FNH:0
DA:3,4
DA:11,4
DA:19,4
DA:23,4
DA:27,4
LF:5
LH:5
BRF:0
BRH:0
end_of_record
TN:
SF:validators\auth.validator.js
FNF:0
FNH:0
DA:3,5
DA:10,5
DA:15,5
DA:19,5
DA:24,5
DA:29,5
DA:34,5
DA:38,5
DA:42,5
DA:47,5
DA:51,5
DA:90,5
DA:96,5
LF:13
LH:13
BRF:0
BRH:0
end_of_record
TN:
SF:validators\booking.validator.js
FNF:0
FNH:0
DA:9,5
DA:54,5
DA:83,5
LF:3
LH:3
BRF:0
BRH:0
end_of_record
TN:
SF:validators\payment.validator.js
FNF:0
FNH:0
DA:3,4
LF:1
LH:1
BRF:0
BRH:0
end_of_record
TN:
SF:validators\space.validator.js
FN:88,(anonymous_0)
FNF:1
FNH:1
FNDA:20,(anonymous_0)
DA:3,4
DA:86,4
DA:88,20
DA:91,4
LF:4
LH:4
BRF:0
BRH:0
end_of_record
TN:
SF:validators\wallet.validator.js
FNF:0
FNH:0
DA:4,4
LF:1
LH:1
BRF:0
BRH:0
end_of_record
